[8/19/2023, 1:26:11 PM] error: uncaughtException: Please install mysql2 package manually
Error: Please install mysql2 package manually
    at ConnectionManager._loadDialectModule (D:\NodeJs-JitendraProject\node_modules\sequelize\lib\dialects\abstract\connection-manager.js:55:15)
    at new ConnectionManager (D:\NodeJs-JitendraProject\node_modules\sequelize\lib\dialects\mysql\connection-manager.js:30:21)
    at new MysqlDialect (D:\NodeJs-JitendraProject\node_modules\sequelize\lib\dialects\mysql\index.js:13:30)
    at new Sequelize (D:\NodeJs-JitendraProject\node_modules\sequelize\lib\sequelize.js:194:20)
    at Object.<anonymous> (D:\NodeJs-JitendraProject\helpers\authentication\init-mysql.js:5:16)
    at Module._compile (node:internal/modules/cjs/loader:1275:14)
    at Module._extensions..js (node:internal/modules/cjs/loader:1329:10)
    at Module.load (node:internal/modules/cjs/loader:1133:32)
    at Module._load (node:internal/modules/cjs/loader:972:12)
    at Module.require (node:internal/modules/cjs/loader:1157:19)
[8/19/2023, 1:26:58 PM] error: uncaughtException: Cannot find module '../models/userModel'
Require stack:
- D:\NodeJs-JitendraProject\helpers\authentication\sendResetPasswordEmail.js
- D:\NodeJs-JitendraProject\controller\userController.js
- D:\NodeJs-JitendraProject\routes\indexRoute.js
- D:\NodeJs-JitendraProject\app.js
Error: Cannot find module '../models/userModel'
Require stack:
- D:\NodeJs-JitendraProject\helpers\authentication\sendResetPasswordEmail.js
- D:\NodeJs-JitendraProject\controller\userController.js
- D:\NodeJs-JitendraProject\routes\indexRoute.js
- D:\NodeJs-JitendraProject\app.js
    at Module._resolveFilename (node:internal/modules/cjs/loader:1090:15)
    at Module._load (node:internal/modules/cjs/loader:934:27)
    at Module.require (node:internal/modules/cjs/loader:1157:19)
    at require (node:internal/modules/helpers:119:18)
    at Object.<anonymous> (D:\NodeJs-JitendraProject\helpers\authentication\sendResetPasswordEmail.js:3:14)
    at Module._compile (node:internal/modules/cjs/loader:1275:14)
    at Module._extensions..js (node:internal/modules/cjs/loader:1329:10)
    at Module.load (node:internal/modules/cjs/loader:1133:32)
    at Module._load (node:internal/modules/cjs/loader:972:12)
    at Module.require (node:internal/modules/cjs/loader:1157:19)
[8/19/2023, 1:27:51 PM] error: uncaughtException: Cannot find module '../models/userModel'
Require stack:
- D:\NodeJs-JitendraProject\helpers\authentication\sendResetPasswordEmail.js
- D:\NodeJs-JitendraProject\controller\userController.js
- D:\NodeJs-JitendraProject\routes\indexRoute.js
- D:\NodeJs-JitendraProject\app.js
Error: Cannot find module '../models/userModel'
Require stack:
- D:\NodeJs-JitendraProject\helpers\authentication\sendResetPasswordEmail.js
- D:\NodeJs-JitendraProject\controller\userController.js
- D:\NodeJs-JitendraProject\routes\indexRoute.js
- D:\NodeJs-JitendraProject\app.js
    at Module._resolveFilename (node:internal/modules/cjs/loader:1090:15)
    at Module._load (node:internal/modules/cjs/loader:934:27)
    at Module.require (node:internal/modules/cjs/loader:1157:19)
    at require (node:internal/modules/helpers:119:18)
    at Object.<anonymous> (D:\NodeJs-JitendraProject\helpers\authentication\sendResetPasswordEmail.js:3:14)
    at Module._compile (node:internal/modules/cjs/loader:1275:14)
    at Module._extensions..js (node:internal/modules/cjs/loader:1329:10)
    at Module.load (node:internal/modules/cjs/loader:1133:32)
    at Module._load (node:internal/modules/cjs/loader:972:12)
    at Module.require (node:internal/modules/cjs/loader:1157:19)
[8/19/2023, 1:27:53 PM] error: uncaughtException: Cannot find module '../models/userModel'
Require stack:
- D:\NodeJs-JitendraProject\helpers\authentication\sendResetPasswordEmail.js
- D:\NodeJs-JitendraProject\controller\userController.js
- D:\NodeJs-JitendraProject\routes\indexRoute.js
- D:\NodeJs-JitendraProject\app.js
Error: Cannot find module '../models/userModel'
Require stack:
- D:\NodeJs-JitendraProject\helpers\authentication\sendResetPasswordEmail.js
- D:\NodeJs-JitendraProject\controller\userController.js
- D:\NodeJs-JitendraProject\routes\indexRoute.js
- D:\NodeJs-JitendraProject\app.js
    at Module._resolveFilename (node:internal/modules/cjs/loader:1090:15)
    at Module._load (node:internal/modules/cjs/loader:934:27)
    at Module.require (node:internal/modules/cjs/loader:1157:19)
    at require (node:internal/modules/helpers:119:18)
    at Object.<anonymous> (D:\NodeJs-JitendraProject\helpers\authentication\sendResetPasswordEmail.js:3:14)
    at Module._compile (node:internal/modules/cjs/loader:1275:14)
    at Module._extensions..js (node:internal/modules/cjs/loader:1329:10)
    at Module.load (node:internal/modules/cjs/loader:1133:32)
    at Module._load (node:internal/modules/cjs/loader:972:12)
    at Module.require (node:internal/modules/cjs/loader:1157:19)
[8/19/2023, 1:28:06 PM] error: uncaughtException: Cannot find module '../models/userModel'
Require stack:
- D:\NodeJs-JitendraProject\helpers\authentication\sendResetPasswordEmail.js
- D:\NodeJs-JitendraProject\controller\userController.js
- D:\NodeJs-JitendraProject\routes\indexRoute.js
- D:\NodeJs-JitendraProject\app.js
Error: Cannot find module '../models/userModel'
Require stack:
- D:\NodeJs-JitendraProject\helpers\authentication\sendResetPasswordEmail.js
- D:\NodeJs-JitendraProject\controller\userController.js
- D:\NodeJs-JitendraProject\routes\indexRoute.js
- D:\NodeJs-JitendraProject\app.js
    at Module._resolveFilename (node:internal/modules/cjs/loader:1090:15)
    at Module._load (node:internal/modules/cjs/loader:934:27)
    at Module.require (node:internal/modules/cjs/loader:1157:19)
    at require (node:internal/modules/helpers:119:18)
    at Object.<anonymous> (D:\NodeJs-JitendraProject\helpers\authentication\sendResetPasswordEmail.js:3:14)
    at Module._compile (node:internal/modules/cjs/loader:1275:14)
    at Module._extensions..js (node:internal/modules/cjs/loader:1329:10)
    at Module.load (node:internal/modules/cjs/loader:1133:32)
    at Module._load (node:internal/modules/cjs/loader:972:12)
    at Module.require (node:internal/modules/cjs/loader:1157:19)
[8/19/2023, 1:28:28 PM] error: uncaughtException: Cannot find module '../models/userModel'
Require stack:
- D:\NodeJs-JitendraProject\helpers\authentication\sendResetPasswordEmail.js
- D:\NodeJs-JitendraProject\controller\userController.js
- D:\NodeJs-JitendraProject\routes\indexRoute.js
- D:\NodeJs-JitendraProject\app.js
Error: Cannot find module '../models/userModel'
Require stack:
- D:\NodeJs-JitendraProject\helpers\authentication\sendResetPasswordEmail.js
- D:\NodeJs-JitendraProject\controller\userController.js
- D:\NodeJs-JitendraProject\routes\indexRoute.js
- D:\NodeJs-JitendraProject\app.js
    at Module._resolveFilename (node:internal/modules/cjs/loader:1090:15)
    at Module._load (node:internal/modules/cjs/loader:934:27)
    at Module.require (node:internal/modules/cjs/loader:1157:19)
    at require (node:internal/modules/helpers:119:18)
    at Object.<anonymous> (D:\NodeJs-JitendraProject\helpers\authentication\sendResetPasswordEmail.js:3:14)
    at Module._compile (node:internal/modules/cjs/loader:1275:14)
    at Module._extensions..js (node:internal/modules/cjs/loader:1329:10)
    at Module.load (node:internal/modules/cjs/loader:1133:32)
    at Module._load (node:internal/modules/cjs/loader:972:12)
    at Module.require (node:internal/modules/cjs/loader:1157:19)
[8/19/2023, 1:28:39 PM] error: uncaughtException: Cannot find module '../models/userModel'
Require stack:
- D:\NodeJs-JitendraProject\helpers\authentication\sendResetPasswordEmail.js
- D:\NodeJs-JitendraProject\controller\userController.js
- D:\NodeJs-JitendraProject\routes\indexRoute.js
- D:\NodeJs-JitendraProject\app.js
Error: Cannot find module '../models/userModel'
Require stack:
- D:\NodeJs-JitendraProject\helpers\authentication\sendResetPasswordEmail.js
- D:\NodeJs-JitendraProject\controller\userController.js
- D:\NodeJs-JitendraProject\routes\indexRoute.js
- D:\NodeJs-JitendraProject\app.js
    at Module._resolveFilename (node:internal/modules/cjs/loader:1090:15)
    at Module._load (node:internal/modules/cjs/loader:934:27)
    at Module.require (node:internal/modules/cjs/loader:1157:19)
    at require (node:internal/modules/helpers:119:18)
    at Object.<anonymous> (D:\NodeJs-JitendraProject\helpers\authentication\sendResetPasswordEmail.js:3:14)
    at Module._compile (node:internal/modules/cjs/loader:1275:14)
    at Module._extensions..js (node:internal/modules/cjs/loader:1329:10)
    at Module.load (node:internal/modules/cjs/loader:1133:32)
    at Module._load (node:internal/modules/cjs/loader:972:12)
    at Module.require (node:internal/modules/cjs/loader:1157:19)
[8/19/2023, 1:28:41 PM] error: uncaughtException: Cannot find module '/init-gmail'
Require stack:
- D:\NodeJs-JitendraProject\helpers\authentication\getInTouchMail.js
- D:\NodeJs-JitendraProject\controller\getInTouchController.js
- D:\NodeJs-JitendraProject\routes\indexRoute.js
- D:\NodeJs-JitendraProject\app.js
Error: Cannot find module '/init-gmail'
Require stack:
- D:\NodeJs-JitendraProject\helpers\authentication\getInTouchMail.js
- D:\NodeJs-JitendraProject\controller\getInTouchController.js
- D:\NodeJs-JitendraProject\routes\indexRoute.js
- D:\NodeJs-JitendraProject\app.js
    at Module._resolveFilename (node:internal/modules/cjs/loader:1090:15)
    at Module._load (node:internal/modules/cjs/loader:934:27)
    at Module.require (node:internal/modules/cjs/loader:1157:19)
    at require (node:internal/modules/helpers:119:18)
    at Object.<anonymous> (D:\NodeJs-JitendraProject\helpers\authentication\getInTouchMail.js:2:20)
    at Module._compile (node:internal/modules/cjs/loader:1275:14)
    at Module._extensions..js (node:internal/modules/cjs/loader:1329:10)
    at Module.load (node:internal/modules/cjs/loader:1133:32)
    at Module._load (node:internal/modules/cjs/loader:972:12)
    at Module.require (node:internal/modules/cjs/loader:1157:19)
[8/19/2023, 1:28:56 PM] error: uncaughtException: Cannot find module './'
Require stack:
- D:\NodeJs-JitendraProject\helpers\authentication\getInTouchMail.js
- D:\NodeJs-JitendraProject\controller\getInTouchController.js
- D:\NodeJs-JitendraProject\routes\indexRoute.js
- D:\NodeJs-JitendraProject\app.js
Error: Cannot find module './'
Require stack:
- D:\NodeJs-JitendraProject\helpers\authentication\getInTouchMail.js
- D:\NodeJs-JitendraProject\controller\getInTouchController.js
- D:\NodeJs-JitendraProject\routes\indexRoute.js
- D:\NodeJs-JitendraProject\app.js
    at Module._resolveFilename (node:internal/modules/cjs/loader:1090:15)
    at Module._load (node:internal/modules/cjs/loader:934:27)
    at Module.require (node:internal/modules/cjs/loader:1157:19)
    at require (node:internal/modules/helpers:119:18)
    at Object.<anonymous> (D:\NodeJs-JitendraProject\helpers\authentication\getInTouchMail.js:2:20)
    at Module._compile (node:internal/modules/cjs/loader:1275:14)
    at Module._extensions..js (node:internal/modules/cjs/loader:1329:10)
    at Module.load (node:internal/modules/cjs/loader:1133:32)
    at Module._load (node:internal/modules/cjs/loader:972:12)
    at Module.require (node:internal/modules/cjs/loader:1157:19)
[8/19/2023, 1:29:04 PM] error: uncaughtException: Cannot find module '../models/userModel'
Require stack:
- D:\NodeJs-JitendraProject\helpers\authentication\sendResetPasswordEmail.js
- D:\NodeJs-JitendraProject\controller\userController.js
- D:\NodeJs-JitendraProject\routes\indexRoute.js
- D:\NodeJs-JitendraProject\app.js
Error: Cannot find module '../models/userModel'
Require stack:
- D:\NodeJs-JitendraProject\helpers\authentication\sendResetPasswordEmail.js
- D:\NodeJs-JitendraProject\controller\userController.js
- D:\NodeJs-JitendraProject\routes\indexRoute.js
- D:\NodeJs-JitendraProject\app.js
    at Module._resolveFilename (node:internal/modules/cjs/loader:1090:15)
    at Module._load (node:internal/modules/cjs/loader:934:27)
    at Module.require (node:internal/modules/cjs/loader:1157:19)
    at require (node:internal/modules/helpers:119:18)
    at Object.<anonymous> (D:\NodeJs-JitendraProject\helpers\authentication\sendResetPasswordEmail.js:3:14)
    at Module._compile (node:internal/modules/cjs/loader:1275:14)
    at Module._extensions..js (node:internal/modules/cjs/loader:1329:10)
    at Module.load (node:internal/modules/cjs/loader:1133:32)
    at Module._load (node:internal/modules/cjs/loader:972:12)
    at Module.require (node:internal/modules/cjs/loader:1157:19)
[8/19/2023, 1:29:08 PM] error: uncaughtException: Cannot find module '../models/userModel'
Require stack:
- D:\NodeJs-JitendraProject\helpers\authentication\sendResetPasswordEmail.js
- D:\NodeJs-JitendraProject\controller\userController.js
- D:\NodeJs-JitendraProject\routes\indexRoute.js
- D:\NodeJs-JitendraProject\app.js
Error: Cannot find module '../models/userModel'
Require stack:
- D:\NodeJs-JitendraProject\helpers\authentication\sendResetPasswordEmail.js
- D:\NodeJs-JitendraProject\controller\userController.js
- D:\NodeJs-JitendraProject\routes\indexRoute.js
- D:\NodeJs-JitendraProject\app.js
    at Module._resolveFilename (node:internal/modules/cjs/loader:1090:15)
    at Module._load (node:internal/modules/cjs/loader:934:27)
    at Module.require (node:internal/modules/cjs/loader:1157:19)
    at require (node:internal/modules/helpers:119:18)
    at Object.<anonymous> (D:\NodeJs-JitendraProject\helpers\authentication\sendResetPasswordEmail.js:3:14)
    at Module._compile (node:internal/modules/cjs/loader:1275:14)
    at Module._extensions..js (node:internal/modules/cjs/loader:1329:10)
    at Module.load (node:internal/modules/cjs/loader:1133:32)
    at Module._load (node:internal/modules/cjs/loader:972:12)
    at Module.require (node:internal/modules/cjs/loader:1157:19)
[8/19/2023, 1:29:39 PM] error: uncaughtException: Cannot find module '../models/userModel'
Require stack:
- D:\NodeJs-JitendraProject\helpers\authentication\sendResetPasswordEmail.js
- D:\NodeJs-JitendraProject\controller\userController.js
- D:\NodeJs-JitendraProject\routes\indexRoute.js
- D:\NodeJs-JitendraProject\app.js
Error: Cannot find module '../models/userModel'
Require stack:
- D:\NodeJs-JitendraProject\helpers\authentication\sendResetPasswordEmail.js
- D:\NodeJs-JitendraProject\controller\userController.js
- D:\NodeJs-JitendraProject\routes\indexRoute.js
- D:\NodeJs-JitendraProject\app.js
    at Module._resolveFilename (node:internal/modules/cjs/loader:1090:15)
    at Module._load (node:internal/modules/cjs/loader:934:27)
    at Module.require (node:internal/modules/cjs/loader:1157:19)
    at require (node:internal/modules/helpers:119:18)
    at Object.<anonymous> (D:\NodeJs-JitendraProject\helpers\authentication\sendResetPasswordEmail.js:3:14)
    at Module._compile (node:internal/modules/cjs/loader:1275:14)
    at Module._extensions..js (node:internal/modules/cjs/loader:1329:10)
    at Module.load (node:internal/modules/cjs/loader:1133:32)
    at Module._load (node:internal/modules/cjs/loader:972:12)
    at Module.require (node:internal/modules/cjs/loader:1157:19)
[8/19/2023, 1:29:45 PM] error: uncaughtException: Cannot find module '../models/userModel'
Require stack:
- D:\NodeJs-JitendraProject\helpers\authentication\sendResetPasswordEmail.js
- D:\NodeJs-JitendraProject\controller\userController.js
- D:\NodeJs-JitendraProject\routes\indexRoute.js
- D:\NodeJs-JitendraProject\app.js
Error: Cannot find module '../models/userModel'
Require stack:
- D:\NodeJs-JitendraProject\helpers\authentication\sendResetPasswordEmail.js
- D:\NodeJs-JitendraProject\controller\userController.js
- D:\NodeJs-JitendraProject\routes\indexRoute.js
- D:\NodeJs-JitendraProject\app.js
    at Module._resolveFilename (node:internal/modules/cjs/loader:1090:15)
    at Module._load (node:internal/modules/cjs/loader:934:27)
    at Module.require (node:internal/modules/cjs/loader:1157:19)
    at require (node:internal/modules/helpers:119:18)
    at Object.<anonymous> (D:\NodeJs-JitendraProject\helpers\authentication\sendResetPasswordEmail.js:3:14)
    at Module._compile (node:internal/modules/cjs/loader:1275:14)
    at Module._extensions..js (node:internal/modules/cjs/loader:1329:10)
    at Module.load (node:internal/modules/cjs/loader:1133:32)
    at Module._load (node:internal/modules/cjs/loader:972:12)
    at Module.require (node:internal/modules/cjs/loader:1157:19)
[8/19/2023, 1:32:53 PM] error: uncaughtException: Cannot find module '../config/host-config'
Require stack:
- D:\NodeJs-JitendraProject\helpers\authentication\sendResetPasswordEmail.js
- D:\NodeJs-JitendraProject\controller\userController.js
- D:\NodeJs-JitendraProject\routes\indexRoute.js
- D:\NodeJs-JitendraProject\app.js
Error: Cannot find module '../config/host-config'
Require stack:
- D:\NodeJs-JitendraProject\helpers\authentication\sendResetPasswordEmail.js
- D:\NodeJs-JitendraProject\controller\userController.js
- D:\NodeJs-JitendraProject\routes\indexRoute.js
- D:\NodeJs-JitendraProject\app.js
    at Module._resolveFilename (node:internal/modules/cjs/loader:1090:15)
    at Module._load (node:internal/modules/cjs/loader:934:27)
    at Module.require (node:internal/modules/cjs/loader:1157:19)
    at require (node:internal/modules/helpers:119:18)
    at Object.<anonymous> (D:\NodeJs-JitendraProject\helpers\authentication\sendResetPasswordEmail.js:5:14)
    at Module._compile (node:internal/modules/cjs/loader:1275:14)
    at Module._extensions..js (node:internal/modules/cjs/loader:1329:10)
    at Module.load (node:internal/modules/cjs/loader:1133:32)
    at Module._load (node:internal/modules/cjs/loader:972:12)
    at Module.require (node:internal/modules/cjs/loader:1157:19)
[8/19/2023, 1:50:03 PM] error: uncaughtException: Cannot destructure property 'name' of 'req.body' as it is undefined.
TypeError: Cannot destructure property 'name' of 'req.body' as it is undefined.
    at Object.getInTouchRegister (D:\NodeJs-JitendraProject\controller\getInTouchController.js:12:13)
    at D:\NodeJs-JitendraProject\routes\indexRoute.js:13:27
    at Layer.handle [as handle_request] (D:\NodeJs-JitendraProject\node_modules\express\lib\router\layer.js:95:5)
    at next (D:\NodeJs-JitendraProject\node_modules\express\lib\router\route.js:144:13)
    at Route.dispatch (D:\NodeJs-JitendraProject\node_modules\express\lib\router\route.js:114:3)
    at Layer.handle [as handle_request] (D:\NodeJs-JitendraProject\node_modules\express\lib\router\layer.js:95:5)
    at D:\NodeJs-JitendraProject\node_modules\express\lib\router\index.js:284:15
    at Function.process_params (D:\NodeJs-JitendraProject\node_modules\express\lib\router\index.js:346:12)
    at next (D:\NodeJs-JitendraProject\node_modules\express\lib\router\index.js:280:10)
    at D:\NodeJs-JitendraProject\node_modules\express-rate-limit\dist\index.cjs:492:7
[8/19/2023, 2:18:06 PM] error: uncaughtException: Cannot destructure property 'name' of 'req.body' as it is undefined.
TypeError: Cannot destructure property 'name' of 'req.body' as it is undefined.
    at Object.getInTouchRegister (D:\NodeJs-JitendraProject\controller\getInTouchController.js:12:13)
    at D:\NodeJs-JitendraProject\routes\indexRoute.js:13:27
    at Layer.handle [as handle_request] (D:\NodeJs-JitendraProject\node_modules\express\lib\router\layer.js:95:5)
    at next (D:\NodeJs-JitendraProject\node_modules\express\lib\router\route.js:144:13)
    at Route.dispatch (D:\NodeJs-JitendraProject\node_modules\express\lib\router\route.js:114:3)
    at Layer.handle [as handle_request] (D:\NodeJs-JitendraProject\node_modules\express\lib\router\layer.js:95:5)
    at D:\NodeJs-JitendraProject\node_modules\express\lib\router\index.js:284:15
    at Function.process_params (D:\NodeJs-JitendraProject\node_modules\express\lib\router\index.js:346:12)
    at next (D:\NodeJs-JitendraProject\node_modules\express\lib\router\index.js:280:10)
    at D:\NodeJs-JitendraProject\node_modules\express-rate-limit\dist\index.cjs:492:7
[8/19/2023, 2:20:31 PM] error: uncaughtException: Cannot destructure property 'id' of 'req.body' as it is undefined.
TypeError: Cannot destructure property 'id' of 'req.body' as it is undefined.
    at Object.getInTouchRegister (D:\NodeJs-JitendraProject\controller\getInTouchController.js:12:12)
    at D:\NodeJs-JitendraProject\routes\indexRoute.js:13:27
    at Layer.handle [as handle_request] (D:\NodeJs-JitendraProject\node_modules\express\lib\router\layer.js:95:5)
    at next (D:\NodeJs-JitendraProject\node_modules\express\lib\router\route.js:144:13)
    at Route.dispatch (D:\NodeJs-JitendraProject\node_modules\express\lib\router\route.js:114:3)
    at Layer.handle [as handle_request] (D:\NodeJs-JitendraProject\node_modules\express\lib\router\layer.js:95:5)
    at D:\NodeJs-JitendraProject\node_modules\express\lib\router\index.js:284:15
    at Function.process_params (D:\NodeJs-JitendraProject\node_modules\express\lib\router\index.js:346:12)
    at next (D:\NodeJs-JitendraProject\node_modules\express\lib\router\index.js:280:10)
    at D:\NodeJs-JitendraProject\node_modules\express-rate-limit\dist\index.cjs:492:7
[8/19/2023, 2:21:45 PM] error: uncaughtException: Cannot destructure property 'name' of 'req.body' as it is undefined.
TypeError: Cannot destructure property 'name' of 'req.body' as it is undefined.
    at Object.getInTouchRegister (D:\NodeJs-JitendraProject\controller\getInTouchController.js:12:13)
    at D:\NodeJs-JitendraProject\routes\indexRoute.js:13:27
    at Layer.handle [as handle_request] (D:\NodeJs-JitendraProject\node_modules\express\lib\router\layer.js:95:5)
    at next (D:\NodeJs-JitendraProject\node_modules\express\lib\router\route.js:144:13)
    at Route.dispatch (D:\NodeJs-JitendraProject\node_modules\express\lib\router\route.js:114:3)
    at Layer.handle [as handle_request] (D:\NodeJs-JitendraProject\node_modules\express\lib\router\layer.js:95:5)
    at D:\NodeJs-JitendraProject\node_modules\express\lib\router\index.js:284:15
    at Function.process_params (D:\NodeJs-JitendraProject\node_modules\express\lib\router\index.js:346:12)
    at next (D:\NodeJs-JitendraProject\node_modules\express\lib\router\index.js:280:10)
    at D:\NodeJs-JitendraProject\node_modules\express-rate-limit\dist\index.cjs:492:7
[8/19/2023, 2:23:48 PM] error: uncaughtException: Cannot destructure property 'name' of 'req.body' as it is undefined.
TypeError: Cannot destructure property 'name' of 'req.body' as it is undefined.
    at Object.getInTouchRegister (D:\NodeJs-JitendraProject\controller\getInTouchController.js:12:13)
    at D:\NodeJs-JitendraProject\routes\indexRoute.js:13:27
    at Layer.handle [as handle_request] (D:\NodeJs-JitendraProject\node_modules\express\lib\router\layer.js:95:5)
    at next (D:\NodeJs-JitendraProject\node_modules\express\lib\router\route.js:144:13)
    at Route.dispatch (D:\NodeJs-JitendraProject\node_modules\express\lib\router\route.js:114:3)
    at Layer.handle [as handle_request] (D:\NodeJs-JitendraProject\node_modules\express\lib\router\layer.js:95:5)
    at D:\NodeJs-JitendraProject\node_modules\express\lib\router\index.js:284:15
    at Function.process_params (D:\NodeJs-JitendraProject\node_modules\express\lib\router\index.js:346:12)
    at next (D:\NodeJs-JitendraProject\node_modules\express\lib\router\index.js:280:10)
    at D:\NodeJs-JitendraProject\node_modules\express-rate-limit\dist\index.cjs:492:7
[8/19/2023, 2:25:12 PM] error: uncaughtException: Cannot destructure property 'id' of 'req.body' as it is undefined.
TypeError: Cannot destructure property 'id' of 'req.body' as it is undefined.
    at Object.getInTouchRegister (D:\NodeJs-JitendraProject\controller\getInTouchController.js:12:13)
    at D:\NodeJs-JitendraProject\routes\indexRoute.js:13:27
    at Layer.handle [as handle_request] (D:\NodeJs-JitendraProject\node_modules\express\lib\router\layer.js:95:5)
    at next (D:\NodeJs-JitendraProject\node_modules\express\lib\router\route.js:144:13)
    at Route.dispatch (D:\NodeJs-JitendraProject\node_modules\express\lib\router\route.js:114:3)
    at Layer.handle [as handle_request] (D:\NodeJs-JitendraProject\node_modules\express\lib\router\layer.js:95:5)
    at D:\NodeJs-JitendraProject\node_modules\express\lib\router\index.js:284:15
    at Function.process_params (D:\NodeJs-JitendraProject\node_modules\express\lib\router\index.js:346:12)
    at next (D:\NodeJs-JitendraProject\node_modules\express\lib\router\index.js:280:10)
    at D:\NodeJs-JitendraProject\node_modules\express-rate-limit\dist\index.cjs:492:7
[8/19/2023, 2:25:50 PM] error: uncaughtException: Cannot destructure property 'id' of 'req.body' as it is undefined.
TypeError: Cannot destructure property 'id' of 'req.body' as it is undefined.
    at Object.getInTouchRegister (D:\NodeJs-JitendraProject\controller\getInTouchController.js:12:13)
    at D:\NodeJs-JitendraProject\routes\indexRoute.js:13:27
    at Layer.handle [as handle_request] (D:\NodeJs-JitendraProject\node_modules\express\lib\router\layer.js:95:5)
    at next (D:\NodeJs-JitendraProject\node_modules\express\lib\router\route.js:144:13)
    at Route.dispatch (D:\NodeJs-JitendraProject\node_modules\express\lib\router\route.js:114:3)
    at Layer.handle [as handle_request] (D:\NodeJs-JitendraProject\node_modules\express\lib\router\layer.js:95:5)
    at D:\NodeJs-JitendraProject\node_modules\express\lib\router\index.js:284:15
    at Function.process_params (D:\NodeJs-JitendraProject\node_modules\express\lib\router\index.js:346:12)
    at next (D:\NodeJs-JitendraProject\node_modules\express\lib\router\index.js:280:10)
    at D:\NodeJs-JitendraProject\node_modules\express-rate-limit\dist\index.cjs:492:7
[8/19/2023, 2:28:41 PM] error: uncaughtException: Cannot destructure property 'id' of 'req.body' as it is undefined.
TypeError: Cannot destructure property 'id' of 'req.body' as it is undefined.
    at Object.getInTouchRegister (D:\NodeJs-JitendraProject\controller\getInTouchController.js:12:13)
    at D:\NodeJs-JitendraProject\routes\indexRoute.js:13:27
    at Layer.handle [as handle_request] (D:\NodeJs-JitendraProject\node_modules\express\lib\router\layer.js:95:5)
    at next (D:\NodeJs-JitendraProject\node_modules\express\lib\router\route.js:144:13)
    at Route.dispatch (D:\NodeJs-JitendraProject\node_modules\express\lib\router\route.js:114:3)
    at Layer.handle [as handle_request] (D:\NodeJs-JitendraProject\node_modules\express\lib\router\layer.js:95:5)
    at D:\NodeJs-JitendraProject\node_modules\express\lib\router\index.js:284:15
    at Function.process_params (D:\NodeJs-JitendraProject\node_modules\express\lib\router\index.js:346:12)
    at next (D:\NodeJs-JitendraProject\node_modules\express\lib\router\index.js:280:10)
    at D:\NodeJs-JitendraProject\node_modules\express-rate-limit\dist\index.cjs:492:7
[8/19/2023, 2:29:08 PM] error: uncaughtException: Cannot destructure property 'id' of 'req.body' as it is undefined.
TypeError: Cannot destructure property 'id' of 'req.body' as it is undefined.
    at Object.getInTouchRegister (D:\NodeJs-JitendraProject\controller\getInTouchController.js:12:13)
    at D:\NodeJs-JitendraProject\routes\indexRoute.js:13:27
    at Layer.handle [as handle_request] (D:\NodeJs-JitendraProject\node_modules\express\lib\router\layer.js:95:5)
    at next (D:\NodeJs-JitendraProject\node_modules\express\lib\router\route.js:144:13)
    at Route.dispatch (D:\NodeJs-JitendraProject\node_modules\express\lib\router\route.js:114:3)
    at Layer.handle [as handle_request] (D:\NodeJs-JitendraProject\node_modules\express\lib\router\layer.js:95:5)
    at D:\NodeJs-JitendraProject\node_modules\express\lib\router\index.js:284:15
    at Function.process_params (D:\NodeJs-JitendraProject\node_modules\express\lib\router\index.js:346:12)
    at next (D:\NodeJs-JitendraProject\node_modules\express\lib\router\index.js:280:10)
    at D:\NodeJs-JitendraProject\node_modules\express-rate-limit\dist\index.cjs:492:7
[8/19/2023, 2:29:23 PM] error: uncaughtException: Cannot destructure property 'id' of 'req.body' as it is undefined.
TypeError: Cannot destructure property 'id' of 'req.body' as it is undefined.
    at Object.getInTouchRegister (D:\NodeJs-JitendraProject\controller\getInTouchController.js:12:13)
    at D:\NodeJs-JitendraProject\routes\indexRoute.js:13:27
    at Layer.handle [as handle_request] (D:\NodeJs-JitendraProject\node_modules\express\lib\router\layer.js:95:5)
    at next (D:\NodeJs-JitendraProject\node_modules\express\lib\router\route.js:144:13)
    at Route.dispatch (D:\NodeJs-JitendraProject\node_modules\express\lib\router\route.js:114:3)
    at Layer.handle [as handle_request] (D:\NodeJs-JitendraProject\node_modules\express\lib\router\layer.js:95:5)
    at D:\NodeJs-JitendraProject\node_modules\express\lib\router\index.js:284:15
    at Function.process_params (D:\NodeJs-JitendraProject\node_modules\express\lib\router\index.js:346:12)
    at next (D:\NodeJs-JitendraProject\node_modules\express\lib\router\index.js:280:10)
    at D:\NodeJs-JitendraProject\node_modules\express-rate-limit\dist\index.cjs:492:7
[8/19/2023, 2:31:02 PM] error: uncaughtException: Cannot destructure property 'name' of 'req.body' as it is undefined.
TypeError: Cannot destructure property 'name' of 'req.body' as it is undefined.
    at Object.getInTouchRegister (D:\NodeJs-JitendraProject\controller\getInTouchController.js:12:13)
    at D:\NodeJs-JitendraProject\routes\indexRoute.js:13:27
    at Layer.handle [as handle_request] (D:\NodeJs-JitendraProject\node_modules\express\lib\router\layer.js:95:5)
    at next (D:\NodeJs-JitendraProject\node_modules\express\lib\router\route.js:144:13)
    at Route.dispatch (D:\NodeJs-JitendraProject\node_modules\express\lib\router\route.js:114:3)
    at Layer.handle [as handle_request] (D:\NodeJs-JitendraProject\node_modules\express\lib\router\layer.js:95:5)
    at D:\NodeJs-JitendraProject\node_modules\express\lib\router\index.js:284:15
    at Function.process_params (D:\NodeJs-JitendraProject\node_modules\express\lib\router\index.js:346:12)
    at next (D:\NodeJs-JitendraProject\node_modules\express\lib\router\index.js:280:10)
    at D:\NodeJs-JitendraProject\node_modules\express-rate-limit\dist\index.cjs:492:7
[8/19/2023, 2:35:19 PM] error: uncaughtException: Cannot destructure property 'name' of 'req.body' as it is undefined.
TypeError: Cannot destructure property 'name' of 'req.body' as it is undefined.
    at Object.getInTouchRegister (D:\NodeJs-JitendraProject\controller\getInTouchController.js:12:13)
    at D:\NodeJs-JitendraProject\routes\indexRoute.js:13:27
    at Layer.handle [as handle_request] (D:\NodeJs-JitendraProject\node_modules\express\lib\router\layer.js:95:5)
    at next (D:\NodeJs-JitendraProject\node_modules\express\lib\router\route.js:144:13)
    at Route.dispatch (D:\NodeJs-JitendraProject\node_modules\express\lib\router\route.js:114:3)
    at Layer.handle [as handle_request] (D:\NodeJs-JitendraProject\node_modules\express\lib\router\layer.js:95:5)
    at D:\NodeJs-JitendraProject\node_modules\express\lib\router\index.js:284:15
    at Function.process_params (D:\NodeJs-JitendraProject\node_modules\express\lib\router\index.js:346:12)
    at next (D:\NodeJs-JitendraProject\node_modules\express\lib\router\index.js:280:10)
    at D:\NodeJs-JitendraProject\node_modules\express-rate-limit\dist\index.cjs:492:7
[8/19/2023, 2:37:51 PM] error: notNull Violation: get_in_touchs.mobile cannot be null
[8/19/2023, 2:37:51 PM] error: uncaughtException: next is not a function
TypeError: next is not a function
    at Object.getInTouchRegister (D:\NodeJs-JitendraProject\controller\getInTouchController.js:52:16)
    at process.processTicksAndRejections (node:internal/process/task_queues:95:5)
    at async D:\NodeJs-JitendraProject\routes\indexRoute.js:13:5
[8/19/2023, 2:39:34 PM] error: notNull Violation: get_in_touchs.num cannot be null
[8/19/2023, 2:39:34 PM] error: uncaughtException: next is not a function
TypeError: next is not a function
    at Object.getInTouchRegister (D:\NodeJs-JitendraProject\controller\getInTouchController.js:52:16)
    at process.processTicksAndRejections (node:internal/process/task_queues:95:5)
    at async D:\NodeJs-JitendraProject\routes\indexRoute.js:13:5
[8/19/2023, 2:39:39 PM] error: Unknown column 'created_at' in 'field list'
[8/19/2023, 2:39:39 PM] error: uncaughtException: next is not a function
TypeError: next is not a function
    at Object.getInTouchRegister (D:\NodeJs-JitendraProject\controller\getInTouchController.js:52:16)
    at process.processTicksAndRejections (node:internal/process/task_queues:95:5)
    at async D:\NodeJs-JitendraProject\routes\indexRoute.js:13:5
[8/19/2023, 2:40:15 PM] error: Unknown column 'created_at' in 'field list'
[8/19/2023, 2:40:15 PM] error: uncaughtException: ne is not defined
ReferenceError: ne is not defined
    at Object.getInTouchRegister (D:\NodeJs-JitendraProject\controller\getInTouchController.js:52:9)
    at process.processTicksAndRejections (node:internal/process/task_queues:95:5)
    at async D:\NodeJs-JitendraProject\routes\indexRoute.js:13:5
[8/19/2023, 2:40:24 PM] error: Unknown column 'created_at' in 'field list'
[8/19/2023, 2:41:52 PM] error: req.flash is not a function
[8/19/2023, 2:46:44 PM] error: req.flash is not a function
[8/19/2023, 2:46:44 PM] error: req.flash is not a function
[8/19/2023, 2:46:53 PM] error: req.flash is not a function
[8/19/2023, 2:47:32 PM] error: req.flash is not a function
[8/19/2023, 2:48:00 PM] error: req.flash is not a function
[8/19/2023, 2:48:09 PM] error: req.flash is not a function
[8/19/2023, 2:54:20 PM] error: uncaughtException: Cannot find module './routes/homeRoute'
Require stack:
- D:\NodeJs-JitendraProject\app.js
Error: Cannot find module './routes/homeRoute'
Require stack:
- D:\NodeJs-JitendraProject\app.js
    at Module._resolveFilename (node:internal/modules/cjs/loader:1090:15)
    at Module._load (node:internal/modules/cjs/loader:934:27)
    at Module.require (node:internal/modules/cjs/loader:1157:19)
    at require (node:internal/modules/helpers:119:18)
    at Object.<anonymous> (D:\NodeJs-JitendraProject\app.js:66:14)
    at Module._compile (node:internal/modules/cjs/loader:1275:14)
    at Module._extensions..js (node:internal/modules/cjs/loader:1329:10)
    at Module.load (node:internal/modules/cjs/loader:1133:32)
    at Module._load (node:internal/modules/cjs/loader:972:12)
    at Function.executeUserEntryPoint [as runMain] (node:internal/modules/run_main:83:12)
[8/19/2023, 2:54:56 PM] error: uncaughtException: listen EADDRINUSE: address already in use :::4000
Error: listen EADDRINUSE: address already in use :::4000
    at Server.setupListenHandle [as _listen2] (node:net:1740:16)
    at listenInCluster (node:net:1788:12)
    at Server.listen (node:net:1876:7)
    at Function.listen (D:\NodeJs-JitendraProject\node_modules\express\lib\application.js:635:24)
    at Object.<anonymous> (D:\NodeJs-JitendraProject\app.js:68:5)
    at Module._compile (node:internal/modules/cjs/loader:1275:14)
    at Module._extensions..js (node:internal/modules/cjs/loader:1329:10)
    at Module.load (node:internal/modules/cjs/loader:1133:32)
    at Module._load (node:internal/modules/cjs/loader:972:12)
    at Function.executeUserEntryPoint [as runMain] (node:internal/modules/run_main:83:12)
[8/22/2023, 10:55:13 AM] error: uncaughtException: Cannot find module '../../models/user/registerModel'
Require stack:
- D:\NodeJs-JitendraProject\helpers\authentication\init-passport.js
- D:\NodeJs-JitendraProject\app.js
Error: Cannot find module '../../models/user/registerModel'
Require stack:
- D:\NodeJs-JitendraProject\helpers\authentication\init-passport.js
- D:\NodeJs-JitendraProject\app.js
    at Module._resolveFilename (node:internal/modules/cjs/loader:1090:15)
    at Module._load (node:internal/modules/cjs/loader:934:27)
    at Module.require (node:internal/modules/cjs/loader:1157:19)
    at require (node:internal/modules/helpers:119:18)
    at Object.<anonymous> (D:\NodeJs-JitendraProject\helpers\authentication\init-passport.js:4:14)
    at Module._compile (node:internal/modules/cjs/loader:1275:14)
    at Module._extensions..js (node:internal/modules/cjs/loader:1329:10)
    at Module.load (node:internal/modules/cjs/loader:1133:32)
    at Module._load (node:internal/modules/cjs/loader:972:12)
    at Module.require (node:internal/modules/cjs/loader:1157:19)
[8/22/2023, 10:56:38 AM] error: uncaughtException: Cannot find module '../models/user/registerModel'
Require stack:
- D:\NodeJs-JitendraProject\controller\userController.js
- D:\NodeJs-JitendraProject\routes\userRoute.js
- D:\NodeJs-JitendraProject\app.js
Error: Cannot find module '../models/user/registerModel'
Require stack:
- D:\NodeJs-JitendraProject\controller\userController.js
- D:\NodeJs-JitendraProject\routes\userRoute.js
- D:\NodeJs-JitendraProject\app.js
    at Module._resolveFilename (node:internal/modules/cjs/loader:1090:15)
    at Module._load (node:internal/modules/cjs/loader:934:27)
    at Module.require (node:internal/modules/cjs/loader:1157:19)
    at require (node:internal/modules/helpers:119:18)
    at Object.<anonymous> (D:\NodeJs-JitendraProject\controller\userController.js:5:14)
    at Module._compile (node:internal/modules/cjs/loader:1275:14)
    at Module._extensions..js (node:internal/modules/cjs/loader:1329:10)
    at Module.load (node:internal/modules/cjs/loader:1133:32)
    at Module._load (node:internal/modules/cjs/loader:972:12)
    at Module.require (node:internal/modules/cjs/loader:1157:19)
[8/22/2023, 10:57:49 AM] error: uncaughtException: Cannot find module '../models/user/registerModel'
Require stack:
- D:\NodeJs-JitendraProject\controller\userController.js
- D:\NodeJs-JitendraProject\routes\userRoute.js
- D:\NodeJs-JitendraProject\app.js
Error: Cannot find module '../models/user/registerModel'
Require stack:
- D:\NodeJs-JitendraProject\controller\userController.js
- D:\NodeJs-JitendraProject\routes\userRoute.js
- D:\NodeJs-JitendraProject\app.js
    at Module._resolveFilename (node:internal/modules/cjs/loader:1090:15)
    at Module._load (node:internal/modules/cjs/loader:934:27)
    at Module.require (node:internal/modules/cjs/loader:1157:19)
    at require (node:internal/modules/helpers:119:18)
    at Object.<anonymous> (D:\NodeJs-JitendraProject\controller\userController.js:5:14)
    at Module._compile (node:internal/modules/cjs/loader:1275:14)
    at Module._extensions..js (node:internal/modules/cjs/loader:1329:10)
    at Module.load (node:internal/modules/cjs/loader:1133:32)
    at Module._load (node:internal/modules/cjs/loader:972:12)
    at Module.require (node:internal/modules/cjs/loader:1157:19)
[8/22/2023, 10:57:55 AM] error: uncaughtException: Cannot find module '../models/user/registerModel'
Require stack:
- D:\NodeJs-JitendraProject\controller\userController.js
- D:\NodeJs-JitendraProject\routes\userRoute.js
- D:\NodeJs-JitendraProject\app.js
Error: Cannot find module '../models/user/registerModel'
Require stack:
- D:\NodeJs-JitendraProject\controller\userController.js
- D:\NodeJs-JitendraProject\routes\userRoute.js
- D:\NodeJs-JitendraProject\app.js
    at Module._resolveFilename (node:internal/modules/cjs/loader:1090:15)
    at Module._load (node:internal/modules/cjs/loader:934:27)
    at Module.require (node:internal/modules/cjs/loader:1157:19)
    at require (node:internal/modules/helpers:119:18)
    at Object.<anonymous> (D:\NodeJs-JitendraProject\controller\userController.js:5:14)
    at Module._compile (node:internal/modules/cjs/loader:1275:14)
    at Module._extensions..js (node:internal/modules/cjs/loader:1329:10)
    at Module.load (node:internal/modules/cjs/loader:1133:32)
    at Module._load (node:internal/modules/cjs/loader:972:12)
    at Module.require (node:internal/modules/cjs/loader:1157:19)
[8/22/2023, 10:57:56 AM] error: uncaughtException: Cannot find module '../models/user/registerModel'
Require stack:
- D:\NodeJs-JitendraProject\controller\userController.js
- D:\NodeJs-JitendraProject\routes\userRoute.js
- D:\NodeJs-JitendraProject\app.js
Error: Cannot find module '../models/user/registerModel'
Require stack:
- D:\NodeJs-JitendraProject\controller\userController.js
- D:\NodeJs-JitendraProject\routes\userRoute.js
- D:\NodeJs-JitendraProject\app.js
    at Module._resolveFilename (node:internal/modules/cjs/loader:1090:15)
    at Module._load (node:internal/modules/cjs/loader:934:27)
    at Module.require (node:internal/modules/cjs/loader:1157:19)
    at require (node:internal/modules/helpers:119:18)
    at Object.<anonymous> (D:\NodeJs-JitendraProject\controller\userController.js:5:14)
    at Module._compile (node:internal/modules/cjs/loader:1275:14)
    at Module._extensions..js (node:internal/modules/cjs/loader:1329:10)
    at Module.load (node:internal/modules/cjs/loader:1133:32)
    at Module._load (node:internal/modules/cjs/loader:972:12)
    at Module.require (node:internal/modules/cjs/loader:1157:19)
[8/22/2023, 10:58:07 AM] error: uncaughtException: Cannot find module '../models/user/registerModel'
Require stack:
- D:\NodeJs-JitendraProject\controller\userController.js
- D:\NodeJs-JitendraProject\routes\userRoute.js
- D:\NodeJs-JitendraProject\app.js
Error: Cannot find module '../models/user/registerModel'
Require stack:
- D:\NodeJs-JitendraProject\controller\userController.js
- D:\NodeJs-JitendraProject\routes\userRoute.js
- D:\NodeJs-JitendraProject\app.js
    at Module._resolveFilename (node:internal/modules/cjs/loader:1090:15)
    at Module._load (node:internal/modules/cjs/loader:934:27)
    at Module.require (node:internal/modules/cjs/loader:1157:19)
    at require (node:internal/modules/helpers:119:18)
    at Object.<anonymous> (D:\NodeJs-JitendraProject\controller\userController.js:5:14)
    at Module._compile (node:internal/modules/cjs/loader:1275:14)
    at Module._extensions..js (node:internal/modules/cjs/loader:1329:10)
    at Module.load (node:internal/modules/cjs/loader:1133:32)
    at Module._load (node:internal/modules/cjs/loader:972:12)
    at Module.require (node:internal/modules/cjs/loader:1157:19)
[8/22/2023, 10:58:15 AM] error: uncaughtException: Cannot find module '../models/user/registerModel'
Require stack:
- D:\NodeJs-JitendraProject\controller\userController.js
- D:\NodeJs-JitendraProject\routes\userRoute.js
- D:\NodeJs-JitendraProject\app.js
Error: Cannot find module '../models/user/registerModel'
Require stack:
- D:\NodeJs-JitendraProject\controller\userController.js
- D:\NodeJs-JitendraProject\routes\userRoute.js
- D:\NodeJs-JitendraProject\app.js
    at Module._resolveFilename (node:internal/modules/cjs/loader:1090:15)
    at Module._load (node:internal/modules/cjs/loader:934:27)
    at Module.require (node:internal/modules/cjs/loader:1157:19)
    at require (node:internal/modules/helpers:119:18)
    at Object.<anonymous> (D:\NodeJs-JitendraProject\controller\userController.js:5:14)
    at Module._compile (node:internal/modules/cjs/loader:1275:14)
    at Module._extensions..js (node:internal/modules/cjs/loader:1329:10)
    at Module.load (node:internal/modules/cjs/loader:1133:32)
    at Module._load (node:internal/modules/cjs/loader:972:12)
    at Module.require (node:internal/modules/cjs/loader:1157:19)
[8/22/2023, 10:58:20 AM] error: uncaughtException: Cannot find module '../models/user/registerModel'
Require stack:
- D:\NodeJs-JitendraProject\controller\userController.js
- D:\NodeJs-JitendraProject\routes\userRoute.js
- D:\NodeJs-JitendraProject\app.js
Error: Cannot find module '../models/user/registerModel'
Require stack:
- D:\NodeJs-JitendraProject\controller\userController.js
- D:\NodeJs-JitendraProject\routes\userRoute.js
- D:\NodeJs-JitendraProject\app.js
    at Module._resolveFilename (node:internal/modules/cjs/loader:1090:15)
    at Module._load (node:internal/modules/cjs/loader:934:27)
    at Module.require (node:internal/modules/cjs/loader:1157:19)
    at require (node:internal/modules/helpers:119:18)
    at Object.<anonymous> (D:\NodeJs-JitendraProject\controller\userController.js:5:14)
    at Module._compile (node:internal/modules/cjs/loader:1275:14)
    at Module._extensions..js (node:internal/modules/cjs/loader:1329:10)
    at Module.load (node:internal/modules/cjs/loader:1133:32)
    at Module._load (node:internal/modules/cjs/loader:972:12)
    at Module.require (node:internal/modules/cjs/loader:1157:19)
[8/22/2023, 10:58:26 AM] error: uncaughtException: Cannot find module '../models/user/registerModel'
Require stack:
- D:\NodeJs-JitendraProject\controller\userController.js
- D:\NodeJs-JitendraProject\routes\userRoute.js
- D:\NodeJs-JitendraProject\app.js
Error: Cannot find module '../models/user/registerModel'
Require stack:
- D:\NodeJs-JitendraProject\controller\userController.js
- D:\NodeJs-JitendraProject\routes\userRoute.js
- D:\NodeJs-JitendraProject\app.js
    at Module._resolveFilename (node:internal/modules/cjs/loader:1090:15)
    at Module._load (node:internal/modules/cjs/loader:934:27)
    at Module.require (node:internal/modules/cjs/loader:1157:19)
    at require (node:internal/modules/helpers:119:18)
    at Object.<anonymous> (D:\NodeJs-JitendraProject\controller\userController.js:5:14)
    at Module._compile (node:internal/modules/cjs/loader:1275:14)
    at Module._extensions..js (node:internal/modules/cjs/loader:1329:10)
    at Module.load (node:internal/modules/cjs/loader:1133:32)
    at Module._load (node:internal/modules/cjs/loader:972:12)
    at Module.require (node:internal/modules/cjs/loader:1157:19)
[8/22/2023, 10:58:34 AM] error: uncaughtException: Cannot find module '../models/user/registerModel'
Require stack:
- D:\NodeJs-JitendraProject\controller\userController.js
- D:\NodeJs-JitendraProject\routes\userRoute.js
- D:\NodeJs-JitendraProject\app.js
Error: Cannot find module '../models/user/registerModel'
Require stack:
- D:\NodeJs-JitendraProject\controller\userController.js
- D:\NodeJs-JitendraProject\routes\userRoute.js
- D:\NodeJs-JitendraProject\app.js
    at Module._resolveFilename (node:internal/modules/cjs/loader:1090:15)
    at Module._load (node:internal/modules/cjs/loader:934:27)
    at Module.require (node:internal/modules/cjs/loader:1157:19)
    at require (node:internal/modules/helpers:119:18)
    at Object.<anonymous> (D:\NodeJs-JitendraProject\controller\userController.js:5:14)
    at Module._compile (node:internal/modules/cjs/loader:1275:14)
    at Module._extensions..js (node:internal/modules/cjs/loader:1329:10)
    at Module.load (node:internal/modules/cjs/loader:1133:32)
    at Module._load (node:internal/modules/cjs/loader:972:12)
    at Module.require (node:internal/modules/cjs/loader:1157:19)
[8/22/2023, 10:58:41 AM] error: uncaughtException: Cannot find module '../models/user/registerModel'
Require stack:
- D:\NodeJs-JitendraProject\controller\userController.js
- D:\NodeJs-JitendraProject\routes\userRoute.js
- D:\NodeJs-JitendraProject\app.js
Error: Cannot find module '../models/user/registerModel'
Require stack:
- D:\NodeJs-JitendraProject\controller\userController.js
- D:\NodeJs-JitendraProject\routes\userRoute.js
- D:\NodeJs-JitendraProject\app.js
    at Module._resolveFilename (node:internal/modules/cjs/loader:1090:15)
    at Module._load (node:internal/modules/cjs/loader:934:27)
    at Module.require (node:internal/modules/cjs/loader:1157:19)
    at require (node:internal/modules/helpers:119:18)
    at Object.<anonymous> (D:\NodeJs-JitendraProject\controller\userController.js:5:14)
    at Module._compile (node:internal/modules/cjs/loader:1275:14)
    at Module._extensions..js (node:internal/modules/cjs/loader:1329:10)
    at Module.load (node:internal/modules/cjs/loader:1133:32)
    at Module._load (node:internal/modules/cjs/loader:972:12)
    at Module.require (node:internal/modules/cjs/loader:1157:19)
[8/22/2023, 10:58:48 AM] error: uncaughtException: Cannot find module '../models/user/registerModel'
Require stack:
- D:\NodeJs-JitendraProject\controller\userController.js
- D:\NodeJs-JitendraProject\routes\userRoute.js
- D:\NodeJs-JitendraProject\app.js
Error: Cannot find module '../models/user/registerModel'
Require stack:
- D:\NodeJs-JitendraProject\controller\userController.js
- D:\NodeJs-JitendraProject\routes\userRoute.js
- D:\NodeJs-JitendraProject\app.js
    at Module._resolveFilename (node:internal/modules/cjs/loader:1090:15)
    at Module._load (node:internal/modules/cjs/loader:934:27)
    at Module.require (node:internal/modules/cjs/loader:1157:19)
    at require (node:internal/modules/helpers:119:18)
    at Object.<anonymous> (D:\NodeJs-JitendraProject\controller\userController.js:5:14)
    at Module._compile (node:internal/modules/cjs/loader:1275:14)
    at Module._extensions..js (node:internal/modules/cjs/loader:1329:10)
    at Module.load (node:internal/modules/cjs/loader:1133:32)
    at Module._load (node:internal/modules/cjs/loader:972:12)
    at Module.require (node:internal/modules/cjs/loader:1157:19)
[8/22/2023, 10:59:01 AM] error: uncaughtException: Cannot find module '../models/user/registerModel'
Require stack:
- D:\NodeJs-JitendraProject\controller\userController.js
- D:\NodeJs-JitendraProject\routes\userRoute.js
- D:\NodeJs-JitendraProject\app.js
Error: Cannot find module '../models/user/registerModel'
Require stack:
- D:\NodeJs-JitendraProject\controller\userController.js
- D:\NodeJs-JitendraProject\routes\userRoute.js
- D:\NodeJs-JitendraProject\app.js
    at Module._resolveFilename (node:internal/modules/cjs/loader:1090:15)
    at Module._load (node:internal/modules/cjs/loader:934:27)
    at Module.require (node:internal/modules/cjs/loader:1157:19)
    at require (node:internal/modules/helpers:119:18)
    at Object.<anonymous> (D:\NodeJs-JitendraProject\controller\userController.js:5:14)
    at Module._compile (node:internal/modules/cjs/loader:1275:14)
    at Module._extensions..js (node:internal/modules/cjs/loader:1329:10)
    at Module.load (node:internal/modules/cjs/loader:1133:32)
    at Module._load (node:internal/modules/cjs/loader:972:12)
    at Module.require (node:internal/modules/cjs/loader:1157:19)
[8/22/2023, 10:59:08 AM] error: uncaughtException: Cannot find module '../models/user/registerModel'
Require stack:
- D:\NodeJs-JitendraProject\controller\userController.js
- D:\NodeJs-JitendraProject\routes\userRoute.js
- D:\NodeJs-JitendraProject\app.js
Error: Cannot find module '../models/user/registerModel'
Require stack:
- D:\NodeJs-JitendraProject\controller\userController.js
- D:\NodeJs-JitendraProject\routes\userRoute.js
- D:\NodeJs-JitendraProject\app.js
    at Module._resolveFilename (node:internal/modules/cjs/loader:1090:15)
    at Module._load (node:internal/modules/cjs/loader:934:27)
    at Module.require (node:internal/modules/cjs/loader:1157:19)
    at require (node:internal/modules/helpers:119:18)
    at Object.<anonymous> (D:\NodeJs-JitendraProject\controller\userController.js:5:14)
    at Module._compile (node:internal/modules/cjs/loader:1275:14)
    at Module._extensions..js (node:internal/modules/cjs/loader:1329:10)
    at Module.load (node:internal/modules/cjs/loader:1133:32)
    at Module._load (node:internal/modules/cjs/loader:972:12)
    at Module.require (node:internal/modules/cjs/loader:1157:19)
[8/22/2023, 10:59:16 AM] error: uncaughtException: Cannot find module '../models/user/registerModel'
Require stack:
- D:\NodeJs-JitendraProject\controller\userController.js
- D:\NodeJs-JitendraProject\routes\userRoute.js
- D:\NodeJs-JitendraProject\app.js
Error: Cannot find module '../models/user/registerModel'
Require stack:
- D:\NodeJs-JitendraProject\controller\userController.js
- D:\NodeJs-JitendraProject\routes\userRoute.js
- D:\NodeJs-JitendraProject\app.js
    at Module._resolveFilename (node:internal/modules/cjs/loader:1090:15)
    at Module._load (node:internal/modules/cjs/loader:934:27)
    at Module.require (node:internal/modules/cjs/loader:1157:19)
    at require (node:internal/modules/helpers:119:18)
    at Object.<anonymous> (D:\NodeJs-JitendraProject\controller\userController.js:5:14)
    at Module._compile (node:internal/modules/cjs/loader:1275:14)
    at Module._extensions..js (node:internal/modules/cjs/loader:1329:10)
    at Module.load (node:internal/modules/cjs/loader:1133:32)
    at Module._load (node:internal/modules/cjs/loader:972:12)
    at Module.require (node:internal/modules/cjs/loader:1157:19)
[8/22/2023, 10:59:23 AM] error: uncaughtException: Cannot find module '../models/user/registerModel'
Require stack:
- D:\NodeJs-JitendraProject\controller\userController.js
- D:\NodeJs-JitendraProject\routes\userRoute.js
- D:\NodeJs-JitendraProject\app.js
Error: Cannot find module '../models/user/registerModel'
Require stack:
- D:\NodeJs-JitendraProject\controller\userController.js
- D:\NodeJs-JitendraProject\routes\userRoute.js
- D:\NodeJs-JitendraProject\app.js
    at Module._resolveFilename (node:internal/modules/cjs/loader:1090:15)
    at Module._load (node:internal/modules/cjs/loader:934:27)
    at Module.require (node:internal/modules/cjs/loader:1157:19)
    at require (node:internal/modules/helpers:119:18)
    at Object.<anonymous> (D:\NodeJs-JitendraProject\controller\userController.js:5:14)
    at Module._compile (node:internal/modules/cjs/loader:1275:14)
    at Module._extensions..js (node:internal/modules/cjs/loader:1329:10)
    at Module.load (node:internal/modules/cjs/loader:1133:32)
    at Module._load (node:internal/modules/cjs/loader:972:12)
    at Module.require (node:internal/modules/cjs/loader:1157:19)
[8/22/2023, 11:00:10 AM] error: uncaughtException: Cannot find module '../models/user/registerModel'
Require stack:
- D:\NodeJs-JitendraProject\controller\userController.js
- D:\NodeJs-JitendraProject\routes\userRoute.js
- D:\NodeJs-JitendraProject\app.js
Error: Cannot find module '../models/user/registerModel'
Require stack:
- D:\NodeJs-JitendraProject\controller\userController.js
- D:\NodeJs-JitendraProject\routes\userRoute.js
- D:\NodeJs-JitendraProject\app.js
    at Module._resolveFilename (node:internal/modules/cjs/loader:1090:15)
    at Module._load (node:internal/modules/cjs/loader:934:27)
    at Module.require (node:internal/modules/cjs/loader:1157:19)
    at require (node:internal/modules/helpers:119:18)
    at Object.<anonymous> (D:\NodeJs-JitendraProject\controller\userController.js:5:14)
    at Module._compile (node:internal/modules/cjs/loader:1275:14)
    at Module._extensions..js (node:internal/modules/cjs/loader:1329:10)
    at Module.load (node:internal/modules/cjs/loader:1133:32)
    at Module._load (node:internal/modules/cjs/loader:972:12)
    at Module.require (node:internal/modules/cjs/loader:1157:19)
[8/22/2023, 11:00:14 AM] error: uncaughtException: Cannot find module '../models/user/registerModel'
Require stack:
- D:\NodeJs-JitendraProject\controller\userController.js
- D:\NodeJs-JitendraProject\routes\userRoute.js
- D:\NodeJs-JitendraProject\app.js
Error: Cannot find module '../models/user/registerModel'
Require stack:
- D:\NodeJs-JitendraProject\controller\userController.js
- D:\NodeJs-JitendraProject\routes\userRoute.js
- D:\NodeJs-JitendraProject\app.js
    at Module._resolveFilename (node:internal/modules/cjs/loader:1090:15)
    at Module._load (node:internal/modules/cjs/loader:934:27)
    at Module.require (node:internal/modules/cjs/loader:1157:19)
    at require (node:internal/modules/helpers:119:18)
    at Object.<anonymous> (D:\NodeJs-JitendraProject\controller\userController.js:5:14)
    at Module._compile (node:internal/modules/cjs/loader:1275:14)
    at Module._extensions..js (node:internal/modules/cjs/loader:1329:10)
    at Module.load (node:internal/modules/cjs/loader:1133:32)
    at Module._load (node:internal/modules/cjs/loader:972:12)
    at Module.require (node:internal/modules/cjs/loader:1157:19)
[8/22/2023, 11:00:25 AM] error: uncaughtException: Cannot find module '../models/user/registerModel'
Require stack:
- D:\NodeJs-JitendraProject\controller\userController.js
- D:\NodeJs-JitendraProject\routes\userRoute.js
- D:\NodeJs-JitendraProject\app.js
Error: Cannot find module '../models/user/registerModel'
Require stack:
- D:\NodeJs-JitendraProject\controller\userController.js
- D:\NodeJs-JitendraProject\routes\userRoute.js
- D:\NodeJs-JitendraProject\app.js
    at Module._resolveFilename (node:internal/modules/cjs/loader:1090:15)
    at Module._load (node:internal/modules/cjs/loader:934:27)
    at Module.require (node:internal/modules/cjs/loader:1157:19)
    at require (node:internal/modules/helpers:119:18)
    at Object.<anonymous> (D:\NodeJs-JitendraProject\controller\userController.js:5:14)
    at Module._compile (node:internal/modules/cjs/loader:1275:14)
    at Module._extensions..js (node:internal/modules/cjs/loader:1329:10)
    at Module.load (node:internal/modules/cjs/loader:1133:32)
    at Module._load (node:internal/modules/cjs/loader:972:12)
    at Module.require (node:internal/modules/cjs/loader:1157:19)
[8/22/2023, 11:00:56 AM] error: uncaughtException: Cannot find module '../models/user/registerModel'
Require stack:
- D:\NodeJs-JitendraProject\controller\userController.js
- D:\NodeJs-JitendraProject\routes\userRoute.js
- D:\NodeJs-JitendraProject\app.js
Error: Cannot find module '../models/user/registerModel'
Require stack:
- D:\NodeJs-JitendraProject\controller\userController.js
- D:\NodeJs-JitendraProject\routes\userRoute.js
- D:\NodeJs-JitendraProject\app.js
    at Module._resolveFilename (node:internal/modules/cjs/loader:1090:15)
    at Module._load (node:internal/modules/cjs/loader:934:27)
    at Module.require (node:internal/modules/cjs/loader:1157:19)
    at require (node:internal/modules/helpers:119:18)
    at Object.<anonymous> (D:\NodeJs-JitendraProject\controller\userController.js:5:14)
    at Module._compile (node:internal/modules/cjs/loader:1275:14)
    at Module._extensions..js (node:internal/modules/cjs/loader:1329:10)
    at Module.load (node:internal/modules/cjs/loader:1133:32)
    at Module._load (node:internal/modules/cjs/loader:972:12)
    at Module.require (node:internal/modules/cjs/loader:1157:19)
[8/22/2023, 11:00:59 AM] error: uncaughtException: Cannot find module '../models/user/registerModel'
Require stack:
- D:\NodeJs-JitendraProject\controller\userController.js
- D:\NodeJs-JitendraProject\routes\userRoute.js
- D:\NodeJs-JitendraProject\app.js
Error: Cannot find module '../models/user/registerModel'
Require stack:
- D:\NodeJs-JitendraProject\controller\userController.js
- D:\NodeJs-JitendraProject\routes\userRoute.js
- D:\NodeJs-JitendraProject\app.js
    at Module._resolveFilename (node:internal/modules/cjs/loader:1090:15)
    at Module._load (node:internal/modules/cjs/loader:934:27)
    at Module.require (node:internal/modules/cjs/loader:1157:19)
    at require (node:internal/modules/helpers:119:18)
    at Object.<anonymous> (D:\NodeJs-JitendraProject\controller\userController.js:5:14)
    at Module._compile (node:internal/modules/cjs/loader:1275:14)
    at Module._extensions..js (node:internal/modules/cjs/loader:1329:10)
    at Module.load (node:internal/modules/cjs/loader:1133:32)
    at Module._load (node:internal/modules/cjs/loader:972:12)
    at Module.require (node:internal/modules/cjs/loader:1157:19)
[8/22/2023, 11:01:02 AM] error: uncaughtException: Cannot find module '../models/user/registerModel'
Require stack:
- D:\NodeJs-JitendraProject\controller\userController.js
- D:\NodeJs-JitendraProject\routes\userRoute.js
- D:\NodeJs-JitendraProject\app.js
Error: Cannot find module '../models/user/registerModel'
Require stack:
- D:\NodeJs-JitendraProject\controller\userController.js
- D:\NodeJs-JitendraProject\routes\userRoute.js
- D:\NodeJs-JitendraProject\app.js
    at Module._resolveFilename (node:internal/modules/cjs/loader:1090:15)
    at Module._load (node:internal/modules/cjs/loader:934:27)
    at Module.require (node:internal/modules/cjs/loader:1157:19)
    at require (node:internal/modules/helpers:119:18)
    at Object.<anonymous> (D:\NodeJs-JitendraProject\controller\userController.js:5:14)
    at Module._compile (node:internal/modules/cjs/loader:1275:14)
    at Module._extensions..js (node:internal/modules/cjs/loader:1329:10)
    at Module.load (node:internal/modules/cjs/loader:1133:32)
    at Module._load (node:internal/modules/cjs/loader:972:12)
    at Module.require (node:internal/modules/cjs/loader:1157:19)
[8/22/2023, 11:01:36 AM] error: uncaughtException: Cannot find module '../../models/user/registerModel'
Require stack:
- D:\NodeJs-JitendraProject\helpers\authentication\sendEmailActivation.js
- D:\NodeJs-JitendraProject\controller\userController.js
- D:\NodeJs-JitendraProject\routes\userRoute.js
- D:\NodeJs-JitendraProject\app.js
Error: Cannot find module '../../models/user/registerModel'
Require stack:
- D:\NodeJs-JitendraProject\helpers\authentication\sendEmailActivation.js
- D:\NodeJs-JitendraProject\controller\userController.js
- D:\NodeJs-JitendraProject\routes\userRoute.js
- D:\NodeJs-JitendraProject\app.js
    at Module._resolveFilename (node:internal/modules/cjs/loader:1090:15)
    at Module._load (node:internal/modules/cjs/loader:934:27)
    at Module.require (node:internal/modules/cjs/loader:1157:19)
    at require (node:internal/modules/helpers:119:18)
    at Object.<anonymous> (D:\NodeJs-JitendraProject\helpers\authentication\sendEmailActivation.js:3:22)
    at Module._compile (node:internal/modules/cjs/loader:1275:14)
    at Module._extensions..js (node:internal/modules/cjs/loader:1329:10)
    at Module.load (node:internal/modules/cjs/loader:1133:32)
    at Module._load (node:internal/modules/cjs/loader:972:12)
    at Module.require (node:internal/modules/cjs/loader:1157:19)
[8/24/2023, 2:41:20 PM] error: uncaughtException: Unexpected token 'const'
D:\NodeJs-JitendraProject\routes\indexRoute.js:5
const router = express.Router();
^^^^^

SyntaxError: Unexpected token 'const'
    at internalCompileFunction (node:internal/vm:73:18)
    at wrapSafe (node:internal/modules/cjs/loader:1195:20)
    at Module._compile (node:internal/modules/cjs/loader:1239:27)
    at Module._extensions..js (node:internal/modules/cjs/loader:1329:10)
    at Module.load (node:internal/modules/cjs/loader:1133:32)
    at Module._load (node:internal/modules/cjs/loader:972:12)
    at Module.require (node:internal/modules/cjs/loader:1157:19)
    at require (node:internal/modules/helpers:119:18)
    at Object.<anonymous> (D:\NodeJs-JitendraProject\app.js:54:14)
    at Module._compile (node:internal/modules/cjs/loader:1275:14)
[8/24/2023, 2:41:25 PM] error: uncaughtException: Missing initializer in const declaration
D:\NodeJs-JitendraProject\routes\indexRoute.js:4
const get
      ^^^

SyntaxError: Missing initializer in const declaration
    at internalCompileFunction (node:internal/vm:73:18)
    at wrapSafe (node:internal/modules/cjs/loader:1195:20)
    at Module._compile (node:internal/modules/cjs/loader:1239:27)
    at Module._extensions..js (node:internal/modules/cjs/loader:1329:10)
    at Module.load (node:internal/modules/cjs/loader:1133:32)
    at Module._load (node:internal/modules/cjs/loader:972:12)
    at Module.require (node:internal/modules/cjs/loader:1157:19)
    at require (node:internal/modules/helpers:119:18)
    at Object.<anonymous> (D:\NodeJs-JitendraProject\app.js:54:14)
    at Module._compile (node:internal/modules/cjs/loader:1275:14)
[8/24/2023, 2:41:33 PM] error: uncaughtException: Missing initializer in const declaration
D:\NodeJs-JitendraProject\routes\indexRoute.js:4
const getValidation
      ^^^^^^^^^^^^^

SyntaxError: Missing initializer in const declaration
    at internalCompileFunction (node:internal/vm:73:18)
    at wrapSafe (node:internal/modules/cjs/loader:1195:20)
    at Module._compile (node:internal/modules/cjs/loader:1239:27)
    at Module._extensions..js (node:internal/modules/cjs/loader:1329:10)
    at Module.load (node:internal/modules/cjs/loader:1133:32)
    at Module._load (node:internal/modules/cjs/loader:972:12)
    at Module.require (node:internal/modules/cjs/loader:1157:19)
    at require (node:internal/modules/helpers:119:18)
    at Object.<anonymous> (D:\NodeJs-JitendraProject\app.js:54:14)
    at Module._compile (node:internal/modules/cjs/loader:1275:14)
[8/24/2023, 2:41:41 PM] error: uncaughtException: Cannot find module '../controller/getValidations'
Require stack:
- D:\NodeJs-JitendraProject\routes\indexRoute.js
- D:\NodeJs-JitendraProject\app.js
Error: Cannot find module '../controller/getValidations'
Require stack:
- D:\NodeJs-JitendraProject\routes\indexRoute.js
- D:\NodeJs-JitendraProject\app.js
    at Module._resolveFilename (node:internal/modules/cjs/loader:1090:15)
    at Module._load (node:internal/modules/cjs/loader:934:27)
    at Module.require (node:internal/modules/cjs/loader:1157:19)
    at require (node:internal/modules/helpers:119:18)
    at Object.<anonymous> (D:\NodeJs-JitendraProject\routes\indexRoute.js:4:24)
    at Module._compile (node:internal/modules/cjs/loader:1275:14)
    at Module._extensions..js (node:internal/modules/cjs/loader:1329:10)
    at Module.load (node:internal/modules/cjs/loader:1133:32)
    at Module._load (node:internal/modules/cjs/loader:972:12)
    at Module.require (node:internal/modules/cjs/loader:1157:19)
[8/24/2023, 2:41:47 PM] error: uncaughtException: Cannot find module 'D:\NodeJs-JitendraProject\index.js'. Please verify that the package.json has a valid "main" entry
Error: Cannot find module 'D:\NodeJs-JitendraProject\index.js'. Please verify that the package.json has a valid "main" entry
    at tryPackage (node:internal/modules/cjs/loader:448:19)
    at Module._findPath (node:internal/modules/cjs/loader:692:18)
    at Module._resolveFilename (node:internal/modules/cjs/loader:1076:27)
    at Module._load (node:internal/modules/cjs/loader:934:27)
    at Module.require (node:internal/modules/cjs/loader:1157:19)
    at require (node:internal/modules/helpers:119:18)
    at Object.<anonymous> (D:\NodeJs-JitendraProject\routes\indexRoute.js:4:24)
    at Module._compile (node:internal/modules/cjs/loader:1275:14)
    at Module._extensions..js (node:internal/modules/cjs/loader:1329:10)
    at Module.load (node:internal/modules/cjs/loader:1133:32)
[8/24/2023, 2:41:50 PM] error: uncaughtException: Cannot find module '../helpers/'
Require stack:
- D:\NodeJs-JitendraProject\routes\indexRoute.js
- D:\NodeJs-JitendraProject\app.js
Error: Cannot find module '../helpers/'
Require stack:
- D:\NodeJs-JitendraProject\routes\indexRoute.js
- D:\NodeJs-JitendraProject\app.js
    at Module._resolveFilename (node:internal/modules/cjs/loader:1090:15)
    at Module._load (node:internal/modules/cjs/loader:934:27)
    at Module.require (node:internal/modules/cjs/loader:1157:19)
    at require (node:internal/modules/helpers:119:18)
    at Object.<anonymous> (D:\NodeJs-JitendraProject\routes\indexRoute.js:4:24)
    at Module._compile (node:internal/modules/cjs/loader:1275:14)
    at Module._extensions..js (node:internal/modules/cjs/loader:1329:10)
    at Module.load (node:internal/modules/cjs/loader:1133:32)
    at Module._load (node:internal/modules/cjs/loader:972:12)
    at Module.require (node:internal/modules/cjs/loader:1157:19)
[8/24/2023, 2:43:52 PM] error: uncaughtException: Unexpected token '.'
D:\NodeJs-JitendraProject\helpers\validator\getInTouchValidation.js:14
        .withMessage('message is required')
        ^

SyntaxError: Unexpected token '.'
    at internalCompileFunction (node:internal/vm:73:18)
    at wrapSafe (node:internal/modules/cjs/loader:1195:20)
    at Module._compile (node:internal/modules/cjs/loader:1239:27)
    at Module._extensions..js (node:internal/modules/cjs/loader:1329:10)
    at Module.load (node:internal/modules/cjs/loader:1133:32)
    at Module._load (node:internal/modules/cjs/loader:972:12)
    at Module.require (node:internal/modules/cjs/loader:1157:19)
    at require (node:internal/modules/helpers:119:18)
    at Object.<anonymous> (D:\NodeJs-JitendraProject\routes\indexRoute.js:7:5)
    at Module._compile (node:internal/modules/cjs/loader:1275:14)
[8/24/2023, 3:20:43 PM] error: uncaughtException: missing ) after argument list
D:\NodeJs-JitendraProject\routes\indexRoute.js:13
router.get('/',gge async (req, res) => {
               ^^^

SyntaxError: missing ) after argument list
    at internalCompileFunction (node:internal/vm:73:18)
    at wrapSafe (node:internal/modules/cjs/loader:1195:20)
    at Module._compile (node:internal/modules/cjs/loader:1239:27)
    at Module._extensions..js (node:internal/modules/cjs/loader:1329:10)
    at Module.load (node:internal/modules/cjs/loader:1133:32)
    at Module._load (node:internal/modules/cjs/loader:972:12)
    at Module.require (node:internal/modules/cjs/loader:1157:19)
    at require (node:internal/modules/helpers:119:18)
    at Object.<anonymous> (D:\NodeJs-JitendraProject\app.js:54:14)
    at Module._compile (node:internal/modules/cjs/loader:1275:14)
[8/24/2023, 3:22:08 PM] error: uncaughtException: getInValidation is not a function
TypeError: getInValidation is not a function
    at Object.<anonymous> (D:\NodeJs-JitendraProject\routes\indexRoute.js:13:17)
    at Module._compile (node:internal/modules/cjs/loader:1275:14)
    at Module._extensions..js (node:internal/modules/cjs/loader:1329:10)
    at Module.load (node:internal/modules/cjs/loader:1133:32)
    at Module._load (node:internal/modules/cjs/loader:972:12)
    at Module.require (node:internal/modules/cjs/loader:1157:19)
    at require (node:internal/modules/helpers:119:18)
    at Object.<anonymous> (D:\NodeJs-JitendraProject\app.js:54:14)
    at Module._compile (node:internal/modules/cjs/loader:1275:14)
    at Module._extensions..js (node:internal/modules/cjs/loader:1329:10)
[8/24/2023, 3:22:15 PM] error: uncaughtException: getValidationRules is not defined
ReferenceError: getValidationRules is not defined
    at Object.<anonymous> (D:\NodeJs-JitendraProject\helpers\validator\getInTouchValidation.js:44:5)
    at Module._compile (node:internal/modules/cjs/loader:1275:14)
    at Module._extensions..js (node:internal/modules/cjs/loader:1329:10)
    at Module.load (node:internal/modules/cjs/loader:1133:32)
    at Module._load (node:internal/modules/cjs/loader:972:12)
    at Module.require (node:internal/modules/cjs/loader:1157:19)
    at require (node:internal/modules/helpers:119:18)
    at Object.<anonymous> (D:\NodeJs-JitendraProject\routes\indexRoute.js:7:5)
    at Module._compile (node:internal/modules/cjs/loader:1275:14)
    at Module._extensions..js (node:internal/modules/cjs/loader:1329:10)
[8/24/2023, 3:22:26 PM] error: uncaughtException: getValidationRules is not defined
ReferenceError: getValidationRules is not defined
    at Object.<anonymous> (D:\NodeJs-JitendraProject\helpers\validator\getInTouchValidation.js:44:5)
    at Module._compile (node:internal/modules/cjs/loader:1275:14)
    at Module._extensions..js (node:internal/modules/cjs/loader:1329:10)
    at Module.load (node:internal/modules/cjs/loader:1133:32)
    at Module._load (node:internal/modules/cjs/loader:972:12)
    at Module.require (node:internal/modules/cjs/loader:1157:19)
    at require (node:internal/modules/helpers:119:18)
    at Object.<anonymous> (D:\NodeJs-JitendraProject\routes\indexRoute.js:7:5)
    at Module._compile (node:internal/modules/cjs/loader:1275:14)
    at Module._extensions..js (node:internal/modules/cjs/loader:1329:10)
[8/24/2023, 3:22:35 PM] error: uncaughtException: getValidationRules is not defined
ReferenceError: getValidationRules is not defined
    at Object.<anonymous> (D:\NodeJs-JitendraProject\helpers\validator\getInTouchValidation.js:44:5)
    at Module._compile (node:internal/modules/cjs/loader:1275:14)
    at Module._extensions..js (node:internal/modules/cjs/loader:1329:10)
    at Module.load (node:internal/modules/cjs/loader:1133:32)
    at Module._load (node:internal/modules/cjs/loader:972:12)
    at Module.require (node:internal/modules/cjs/loader:1157:19)
    at require (node:internal/modules/helpers:119:18)
    at Object.<anonymous> (D:\NodeJs-JitendraProject\routes\indexRoute.js:7:5)
    at Module._compile (node:internal/modules/cjs/loader:1275:14)
    at Module._extensions..js (node:internal/modules/cjs/loader:1329:10)
[8/24/2023, 3:22:37 PM] error: uncaughtException: getValidationRules is not defined
ReferenceError: getValidationRules is not defined
    at Object.<anonymous> (D:\NodeJs-JitendraProject\helpers\validator\getInTouchValidation.js:44:5)
    at Module._compile (node:internal/modules/cjs/loader:1275:14)
    at Module._extensions..js (node:internal/modules/cjs/loader:1329:10)
    at Module.load (node:internal/modules/cjs/loader:1133:32)
    at Module._load (node:internal/modules/cjs/loader:972:12)
    at Module.require (node:internal/modules/cjs/loader:1157:19)
    at require (node:internal/modules/helpers:119:18)
    at Object.<anonymous> (D:\NodeJs-JitendraProject\routes\indexRoute.js:7:5)
    at Module._compile (node:internal/modules/cjs/loader:1275:14)
    at Module._extensions..js (node:internal/modules/cjs/loader:1329:10)
[8/24/2023, 3:22:59 PM] error: uncaughtException: getValidationRules is not defined
ReferenceError: getValidationRules is not defined
    at Object.<anonymous> (D:\NodeJs-JitendraProject\helpers\validator\getInTouchValidation.js:44:5)
    at Module._compile (node:internal/modules/cjs/loader:1275:14)
    at Module._extensions..js (node:internal/modules/cjs/loader:1329:10)
    at Module.load (node:internal/modules/cjs/loader:1133:32)
    at Module._load (node:internal/modules/cjs/loader:972:12)
    at Module.require (node:internal/modules/cjs/loader:1157:19)
    at require (node:internal/modules/helpers:119:18)
    at Object.<anonymous> (D:\NodeJs-JitendraProject\routes\indexRoute.js:7:5)
    at Module._compile (node:internal/modules/cjs/loader:1275:14)
    at Module._extensions..js (node:internal/modules/cjs/loader:1329:10)
[8/24/2023, 3:23:01 PM] error: uncaughtException: getValidationRules is not defined
ReferenceError: getValidationRules is not defined
    at Object.<anonymous> (D:\NodeJs-JitendraProject\helpers\validator\getInTouchValidation.js:44:5)
    at Module._compile (node:internal/modules/cjs/loader:1275:14)
    at Module._extensions..js (node:internal/modules/cjs/loader:1329:10)
    at Module.load (node:internal/modules/cjs/loader:1133:32)
    at Module._load (node:internal/modules/cjs/loader:972:12)
    at Module.require (node:internal/modules/cjs/loader:1157:19)
    at require (node:internal/modules/helpers:119:18)
    at Object.<anonymous> (D:\NodeJs-JitendraProject\routes\indexRoute.js:7:5)
    at Module._compile (node:internal/modules/cjs/loader:1275:14)
    at Module._extensions..js (node:internal/modules/cjs/loader:1329:10)
[8/24/2023, 3:23:03 PM] error: uncaughtException: getValidationRules is not defined
ReferenceError: getValidationRules is not defined
    at Object.<anonymous> (D:\NodeJs-JitendraProject\helpers\validator\getInTouchValidation.js:44:5)
    at Module._compile (node:internal/modules/cjs/loader:1275:14)
    at Module._extensions..js (node:internal/modules/cjs/loader:1329:10)
    at Module.load (node:internal/modules/cjs/loader:1133:32)
    at Module._load (node:internal/modules/cjs/loader:972:12)
    at Module.require (node:internal/modules/cjs/loader:1157:19)
    at require (node:internal/modules/helpers:119:18)
    at Object.<anonymous> (D:\NodeJs-JitendraProject\routes\indexRoute.js:7:5)
    at Module._compile (node:internal/modules/cjs/loader:1275:14)
    at Module._extensions..js (node:internal/modules/cjs/loader:1329:10)
[8/24/2023, 3:23:20 PM] error: uncaughtException: getValidationRules is not defined
ReferenceError: getValidationRules is not defined
    at Object.<anonymous> (D:\NodeJs-JitendraProject\helpers\validator\getInTouchValidation.js:42:5)
    at Module._compile (node:internal/modules/cjs/loader:1275:14)
    at Module._extensions..js (node:internal/modules/cjs/loader:1329:10)
    at Module.load (node:internal/modules/cjs/loader:1133:32)
    at Module._load (node:internal/modules/cjs/loader:972:12)
    at Module.require (node:internal/modules/cjs/loader:1157:19)
    at require (node:internal/modules/helpers:119:18)
    at Object.<anonymous> (D:\NodeJs-JitendraProject\routes\indexRoute.js:7:5)
    at Module._compile (node:internal/modules/cjs/loader:1275:14)
    at Module._extensions..js (node:internal/modules/cjs/loader:1329:10)
[8/24/2023, 3:24:20 PM] error: notNull Violation: get_in_touchs.number cannot be null
[8/24/2023, 3:26:54 PM] error: uncaughtException: Unexpected token ';'
D:\NodeJs-JitendraProject\controller\getInTouchController.js:52
        return req.;
                   ^

SyntaxError: Unexpected token ';'
    at internalCompileFunction (node:internal/vm:73:18)
    at wrapSafe (node:internal/modules/cjs/loader:1195:20)
    at Module._compile (node:internal/modules/cjs/loader:1239:27)
    at Module._extensions..js (node:internal/modules/cjs/loader:1329:10)
    at Module.load (node:internal/modules/cjs/loader:1133:32)
    at Module._load (node:internal/modules/cjs/loader:972:12)
    at Module.require (node:internal/modules/cjs/loader:1157:19)
    at require (node:internal/modules/helpers:119:18)
    at Object.<anonymous> (D:\NodeJs-JitendraProject\routes\indexRoute.js:3:25)
    at Module._compile (node:internal/modules/cjs/loader:1275:14)
[8/24/2023, 3:27:00 PM] error: uncaughtException: Unexpected token ';'
D:\NodeJs-JitendraProject\controller\getInTouchController.js:52
        return req.;
                   ^

SyntaxError: Unexpected token ';'
    at internalCompileFunction (node:internal/vm:73:18)
    at wrapSafe (node:internal/modules/cjs/loader:1195:20)
    at Module._compile (node:internal/modules/cjs/loader:1239:27)
    at Module._extensions..js (node:internal/modules/cjs/loader:1329:10)
    at Module.load (node:internal/modules/cjs/loader:1133:32)
    at Module._load (node:internal/modules/cjs/loader:972:12)
    at Module.require (node:internal/modules/cjs/loader:1157:19)
    at require (node:internal/modules/helpers:119:18)
    at Object.<anonymous> (D:\NodeJs-JitendraProject\routes\indexRoute.js:3:25)
    at Module._compile (node:internal/modules/cjs/loader:1275:14)
[8/24/2023, 3:32:22 PM] error: uncaughtException: Missing catch or finally after try
D:\NodeJs-JitendraProject\controller\getInTouchController.js:9
    }
    ^

SyntaxError: Missing catch or finally after try
    at internalCompileFunction (node:internal/vm:73:18)
    at wrapSafe (node:internal/modules/cjs/loader:1195:20)
    at Module._compile (node:internal/modules/cjs/loader:1239:27)
    at Module._extensions..js (node:internal/modules/cjs/loader:1329:10)
    at Module.load (node:internal/modules/cjs/loader:1133:32)
    at Module._load (node:internal/modules/cjs/loader:972:12)
    at Module.require (node:internal/modules/cjs/loader:1157:19)
    at require (node:internal/modules/helpers:119:18)
    at Object.<anonymous> (D:\NodeJs-JitendraProject\routes\indexRoute.js:3:25)
    at Module._compile (node:internal/modules/cjs/loader:1275:14)
[8/24/2023, 3:32:26 PM] error: uncaughtException: Missing catch or finally after try
D:\NodeJs-JitendraProject\controller\getInTouchController.js:10
    }
    ^

SyntaxError: Missing catch or finally after try
    at internalCompileFunction (node:internal/vm:73:18)
    at wrapSafe (node:internal/modules/cjs/loader:1195:20)
    at Module._compile (node:internal/modules/cjs/loader:1239:27)
    at Module._extensions..js (node:internal/modules/cjs/loader:1329:10)
    at Module.load (node:internal/modules/cjs/loader:1133:32)
    at Module._load (node:internal/modules/cjs/loader:972:12)
    at Module.require (node:internal/modules/cjs/loader:1157:19)
    at require (node:internal/modules/helpers:119:18)
    at Object.<anonymous> (D:\NodeJs-JitendraProject\routes\indexRoute.js:3:25)
    at Module._compile (node:internal/modules/cjs/loader:1275:14)
[8/24/2023, 3:32:29 PM] error: uncaughtException: Missing catch or finally after try
D:\NodeJs-JitendraProject\controller\getInTouchController.js:10
    }cac
    ^

SyntaxError: Missing catch or finally after try
    at internalCompileFunction (node:internal/vm:73:18)
    at wrapSafe (node:internal/modules/cjs/loader:1195:20)
    at Module._compile (node:internal/modules/cjs/loader:1239:27)
    at Module._extensions..js (node:internal/modules/cjs/loader:1329:10)
    at Module.load (node:internal/modules/cjs/loader:1133:32)
    at Module._load (node:internal/modules/cjs/loader:972:12)
    at Module.require (node:internal/modules/cjs/loader:1157:19)
    at require (node:internal/modules/helpers:119:18)
    at Object.<anonymous> (D:\NodeJs-JitendraProject\routes\indexRoute.js:3:25)
    at Module._compile (node:internal/modules/cjs/loader:1275:14)
[8/24/2023, 3:32:40 PM] error: uncaughtException: Missing catch or finally after try
D:\NodeJs-JitendraProject\controller\getInTouchController.js:10
    }} catch (error) {
    ^

SyntaxError: Missing catch or finally after try
    at internalCompileFunction (node:internal/vm:73:18)
    at wrapSafe (node:internal/modules/cjs/loader:1195:20)
    at Module._compile (node:internal/modules/cjs/loader:1239:27)
    at Module._extensions..js (node:internal/modules/cjs/loader:1329:10)
    at Module.load (node:internal/modules/cjs/loader:1133:32)
    at Module._load (node:internal/modules/cjs/loader:972:12)
    at Module.require (node:internal/modules/cjs/loader:1157:19)
    at require (node:internal/modules/helpers:119:18)
    at Object.<anonymous> (D:\NodeJs-JitendraProject\routes\indexRoute.js:3:25)
    at Module._compile (node:internal/modules/cjs/loader:1275:14)
[8/24/2023, 3:39:48 PM] error: notNull Violation: get_in_touchs.number cannot be null
[8/24/2023, 3:40:32 PM] error: uncaughtException: Missing catch or finally after try
D:\NodeJs-JitendraProject\controller\getInTouchController.js:10
};
^

SyntaxError: Missing catch or finally after try
    at internalCompileFunction (node:internal/vm:73:18)
    at wrapSafe (node:internal/modules/cjs/loader:1195:20)
    at Module._compile (node:internal/modules/cjs/loader:1239:27)
    at Module._extensions..js (node:internal/modules/cjs/loader:1329:10)
    at Module.load (node:internal/modules/cjs/loader:1133:32)
    at Module._load (node:internal/modules/cjs/loader:972:12)
    at Module.require (node:internal/modules/cjs/loader:1157:19)
    at require (node:internal/modules/helpers:119:18)
    at Object.<anonymous> (D:\NodeJs-JitendraProject\routes\indexRoute.js:3:25)
    at Module._compile (node:internal/modules/cjs/loader:1275:14)
[8/24/2023, 3:40:44 PM] error: uncaughtException: Unexpected token 'catch'
D:\NodeJs-JitendraProject\controller\getInTouchController.js:9
    } catch (error) {
      ^^^^^

SyntaxError: Unexpected token 'catch'
    at internalCompileFunction (node:internal/vm:73:18)
    at wrapSafe (node:internal/modules/cjs/loader:1195:20)
    at Module._compile (node:internal/modules/cjs/loader:1239:27)
    at Module._extensions..js (node:internal/modules/cjs/loader:1329:10)
    at Module.load (node:internal/modules/cjs/loader:1133:32)
    at Module._load (node:internal/modules/cjs/loader:972:12)
    at Module.require (node:internal/modules/cjs/loader:1157:19)
    at require (node:internal/modules/helpers:119:18)
    at Object.<anonymous> (D:\NodeJs-JitendraProject\routes\indexRoute.js:3:25)
    at Module._compile (node:internal/modules/cjs/loader:1275:14)
[8/24/2023, 3:43:12 PM] error: notNull Violation: get_in_touchs.number cannot be null
[8/24/2023, 3:52:43 PM] error: notNull Violation: get_in_touchs.number cannot be null
[8/24/2023, 3:53:18 PM] error: notNull Violation: get_in_touchs.pnumber cannot be null
[8/24/2023, 3:58:04 PM] error: Invalid login: 535-5.7.8 Username and Password not accepted. Learn more at
535 5.7.8  https://support.google.com/mail/?p=BadCredentials d14-20020aa7814e000000b00686e00313easm10722521pfn.157 - gsmtp
[8/24/2023, 3:58:04 PM] error: Invalid login: 535-5.7.8 Username and Password not accepted. Learn more at
535 5.7.8  https://support.google.com/mail/?p=BadCredentials d8-20020aa78148000000b00687375d9135sm10807114pfn.4 - gsmtp
[8/24/2023, 4:03:15 PM] error: Invalid login: 535-5.7.8 Username and Password not accepted. Learn more at
535 5.7.8  https://support.google.com/mail/?p=BadCredentials 4-20020a170902c24400b001bf10059251sm12384882plg.239 - gsmtp
[8/24/2023, 4:03:16 PM] error: Invalid login: 535-5.7.8 Username and Password not accepted. Learn more at
535 5.7.8  https://support.google.com/mail/?p=BadCredentials i26-20020aa787da000000b0068a6972ca0esm4468177pfo.106 - gsmtp
[8/24/2023, 4:04:45 PM] error: Invalid login: 535-5.7.8 Username and Password not accepted. Learn more at
535 5.7.8  https://support.google.com/mail/?p=BadCredentials x9-20020a656aa9000000b00563ea47c948sm10147845pgu.53 - gsmtp
[8/24/2023, 4:04:46 PM] error: Invalid login: 535-5.7.8 Username and Password not accepted. Learn more at
535 5.7.8  https://support.google.com/mail/?p=BadCredentials h16-20020a62b410000000b00687260020b1sm10805014pfn.72 - gsmtp
[8/24/2023, 4:14:33 PM] error: Invalid login: 535-5.7.8 Username and Password not accepted. Learn more at
535 5.7.8  https://support.google.com/mail/?p=BadCredentials 10-20020a170902c14a00b001bba7aab822sm12486580plj.5 - gsmtp
[8/24/2023, 4:14:34 PM] error: Invalid login: 535-5.7.8 Username and Password not accepted. Learn more at
535 5.7.8  https://support.google.com/mail/?p=BadCredentials x24-20020aa793b8000000b006887b72ba38sm8029772pff.164 - gsmtp
[8/24/2023, 4:17:13 PM] error: Invalid login: 535-5.7.8 Username and Password not accepted. Learn more at
535 5.7.8  https://support.google.com/mail/?p=BadCredentials k5-20020aa792c5000000b0068a0922b1f0sm8996299pfa.137 - gsmtp
[8/24/2023, 4:17:14 PM] error: Invalid login: 535-5.7.8 Username and Password not accepted. Learn more at
535 5.7.8  https://support.google.com/mail/?p=BadCredentials x7-20020a056a00270700b0068bda522245sm2640360pfv.155 - gsmtp
[8/24/2023, 4:19:13 PM] error: Invalid login: 535-5.7.8 Username and Password not accepted. Learn more at
535 5.7.8  https://support.google.com/mail/?p=BadCredentials u1-20020a170902e80100b001b51b3e84cesm12458504plg.166 - gsmtp
[8/24/2023, 4:19:13 PM] error: Invalid login: 535-5.7.8 Username and Password not accepted. Learn more at
535 5.7.8  https://support.google.com/mail/?p=BadCredentials w13-20020aa7858d000000b0068be3489b0dsm2204455pfn.172 - gsmtp
[8/24/2023, 4:20:49 PM] error: Invalid login: 535-5.7.8 Username and Password not accepted. Learn more at
535 5.7.8  https://support.google.com/mail/?p=BadCredentials c4-20020a170902c1c400b001bf8779e051sm7778606plc.289 - gsmtp
[8/24/2023, 4:20:49 PM] error: Invalid login: 535-5.7.8 Username and Password not accepted. Learn more at
535 5.7.8  https://support.google.com/mail/?p=BadCredentials b5-20020aa78705000000b0068746ab9aebsm11151158pfo.14 - gsmtp
[8/24/2023, 4:37:43 PM] error: Invalid login: 535-5.7.8 Username and Password not accepted. Learn more at
535 5.7.8  https://support.google.com/mail/?p=BadCredentials g6-20020a62e306000000b0068bbd43a6e2sm3723921pfh.10 - gsmtp
[8/24/2023, 4:37:43 PM] error: Invalid login: 535-5.7.8 Username and Password not accepted. Learn more at
535 5.7.8  https://support.google.com/mail/?p=BadCredentials x7-20020a056a00270700b0068bda522245sm2676421pfv.155 - gsmtp
[8/24/2023, 4:59:32 PM] error: Invalid login: 535-5.7.8 Username and Password not accepted. Learn more at
535 5.7.8  https://support.google.com/mail/?p=BadCredentials t7-20020a17090aba8700b0026b3773043dsm1386311pjr.22 - gsmtp
[8/24/2023, 4:59:32 PM] error: Invalid login: 535-5.7.8 Username and Password not accepted. Learn more at
535 5.7.8  https://support.google.com/mail/?p=BadCredentials bi9-20020a170902bf0900b001bd99fd1114sm12577274plb.288 - gsmtp
[8/24/2023, 5:02:06 PM] error: Invalid login: 535-5.7.8 Username and Password not accepted. Learn more at
535 5.7.8  https://support.google.com/mail/?p=BadCredentials n11-20020a170902d2cb00b001bba1475c92sm12609126plc.113 - gsmtp
[8/24/2023, 5:02:09 PM] error: Invalid login: 535-5.7.8 Username and Password not accepted. Learn more at
535 5.7.8  https://support.google.com/mail/?p=BadCredentials z11-20020a6552cb000000b0056428865aadsm10205510pgp.82 - gsmtp
[8/24/2023, 5:05:26 PM] error: Invalid login: 535-5.7.8 Username and Password not accepted. Learn more at
535 5.7.8  https://support.google.com/mail/?p=BadCredentials fm21-20020a056a002f9500b00689fbc13a33sm2660860pfb.124 - gsmtp
[8/24/2023, 5:05:26 PM] error: Invalid login: 535-5.7.8 Username and Password not accepted. Learn more at
535 5.7.8  https://support.google.com/mail/?p=BadCredentials c5-20020a170902d90500b001bc21222e34sm12536437plz.285 - gsmtp
[8/24/2023, 5:12:34 PM] error: Invalid login: 535-5.7.8 Username and Password not accepted. Learn more at
535 5.7.8  https://support.google.com/mail/?p=BadCredentials fh22-20020a17090b035600b0025bfda134ccsm1422475pjb.16 - gsmtp
[8/24/2023, 5:12:35 PM] error: Invalid login: 535-5.7.8 Username and Password not accepted. Learn more at
535 5.7.8  https://support.google.com/mail/?p=BadCredentials jc18-20020a17090325d200b001bb892a7a67sm12563817plb.1 - gsmtp
[8/24/2023, 5:15:32 PM] error: uncaughtException: Unexpected identifier 'auth'
D:\NodeJs-JitendraProject\helpers\authentication\init-gmail.js:11
    auth: {
    ^^^^

SyntaxError: Unexpected identifier 'auth'
    at internalCompileFunction (node:internal/vm:73:18)
    at wrapSafe (node:internal/modules/cjs/loader:1195:20)
    at Module._compile (node:internal/modules/cjs/loader:1239:27)
    at Module._extensions..js (node:internal/modules/cjs/loader:1329:10)
    at Module.load (node:internal/modules/cjs/loader:1133:32)
    at Module._load (node:internal/modules/cjs/loader:972:12)
    at Module.require (node:internal/modules/cjs/loader:1157:19)
    at require (node:internal/modules/helpers:119:18)
    at Object.<anonymous> (D:\NodeJs-JitendraProject\helpers\authentication\getInTouchMail.js:2:20)
    at Module._compile (node:internal/modules/cjs/loader:1275:14)
[8/24/2023, 5:15:39 PM] error: uncaughtException: Unexpected identifier 'auth'
D:\NodeJs-JitendraProject\helpers\authentication\init-gmail.js:12
    auth: {
    ^^^^

SyntaxError: Unexpected identifier 'auth'
    at internalCompileFunction (node:internal/vm:73:18)
    at wrapSafe (node:internal/modules/cjs/loader:1195:20)
    at Module._compile (node:internal/modules/cjs/loader:1239:27)
    at Module._extensions..js (node:internal/modules/cjs/loader:1329:10)
    at Module.load (node:internal/modules/cjs/loader:1133:32)
    at Module._load (node:internal/modules/cjs/loader:972:12)
    at Module.require (node:internal/modules/cjs/loader:1157:19)
    at require (node:internal/modules/helpers:119:18)
    at Object.<anonymous> (D:\NodeJs-JitendraProject\helpers\authentication\getInTouchMail.js:2:20)
    at Module._compile (node:internal/modules/cjs/loader:1275:14)
[8/24/2023, 5:15:50 PM] error: uncaughtException: Unexpected identifier 'auth'
D:\NodeJs-JitendraProject\helpers\authentication\init-gmail.js:13
    auth: {
    ^^^^

SyntaxError: Unexpected identifier 'auth'
    at internalCompileFunction (node:internal/vm:73:18)
    at wrapSafe (node:internal/modules/cjs/loader:1195:20)
    at Module._compile (node:internal/modules/cjs/loader:1239:27)
    at Module._extensions..js (node:internal/modules/cjs/loader:1329:10)
    at Module.load (node:internal/modules/cjs/loader:1133:32)
    at Module._load (node:internal/modules/cjs/loader:972:12)
    at Module.require (node:internal/modules/cjs/loader:1157:19)
    at require (node:internal/modules/helpers:119:18)
    at Object.<anonymous> (D:\NodeJs-JitendraProject\helpers\authentication\getInTouchMail.js:2:20)
    at Module._compile (node:internal/modules/cjs/loader:1275:14)
[8/24/2023, 5:15:54 PM] error: uncaughtException: Unexpected identifier 'auth'
D:\NodeJs-JitendraProject\helpers\authentication\init-gmail.js:13
    auth: {
    ^^^^

SyntaxError: Unexpected identifier 'auth'
    at internalCompileFunction (node:internal/vm:73:18)
    at wrapSafe (node:internal/modules/cjs/loader:1195:20)
    at Module._compile (node:internal/modules/cjs/loader:1239:27)
    at Module._extensions..js (node:internal/modules/cjs/loader:1329:10)
    at Module.load (node:internal/modules/cjs/loader:1133:32)
    at Module._load (node:internal/modules/cjs/loader:972:12)
    at Module.require (node:internal/modules/cjs/loader:1157:19)
    at require (node:internal/modules/helpers:119:18)
    at Object.<anonymous> (D:\NodeJs-JitendraProject\helpers\authentication\getInTouchMail.js:2:20)
    at Module._compile (node:internal/modules/cjs/loader:1275:14)
[8/24/2023, 5:15:56 PM] error: uncaughtException: Unexpected identifier 'auth'
D:\NodeJs-JitendraProject\helpers\authentication\init-gmail.js:13
    auth: {
    ^^^^

SyntaxError: Unexpected identifier 'auth'
    at internalCompileFunction (node:internal/vm:73:18)
    at wrapSafe (node:internal/modules/cjs/loader:1195:20)
    at Module._compile (node:internal/modules/cjs/loader:1239:27)
    at Module._extensions..js (node:internal/modules/cjs/loader:1329:10)
    at Module.load (node:internal/modules/cjs/loader:1133:32)
    at Module._load (node:internal/modules/cjs/loader:972:12)
    at Module.require (node:internal/modules/cjs/loader:1157:19)
    at require (node:internal/modules/helpers:119:18)
    at Object.<anonymous> (D:\NodeJs-JitendraProject\helpers\authentication\getInTouchMail.js:2:20)
    at Module._compile (node:internal/modules/cjs/loader:1275:14)
[8/24/2023, 5:16:23 PM] error: uncaughtException: re is not defined
ReferenceError: re is not defined
    at Object.<anonymous> (D:\NodeJs-JitendraProject\helpers\authentication\init-gmail.js:19:9)
    at Module._compile (node:internal/modules/cjs/loader:1275:14)
    at Module._extensions..js (node:internal/modules/cjs/loader:1329:10)
    at Module.load (node:internal/modules/cjs/loader:1133:32)
    at Module._load (node:internal/modules/cjs/loader:972:12)
    at Module.require (node:internal/modules/cjs/loader:1157:19)
    at require (node:internal/modules/helpers:119:18)
    at Object.<anonymous> (D:\NodeJs-JitendraProject\helpers\authentication\getInTouchMail.js:2:20)
    at Module._compile (node:internal/modules/cjs/loader:1275:14)
    at Module._extensions..js (node:internal/modules/cjs/loader:1329:10)
[8/24/2023, 5:19:07 PM] error: Invalid login: 535-5.7.8 Username and Password not accepted. Learn more at
535 5.7.8  https://support.google.com/mail/?p=BadCredentials d24-20020a17090ac25800b00263ba6a248bsm1429922pjx.1 - gsmtp
[8/24/2023, 5:19:08 PM] error: Invalid login: 535-5.7.8 Username and Password not accepted. Learn more at
535 5.7.8  https://support.google.com/mail/?p=BadCredentials h16-20020a62b410000000b00687260020b1sm10933476pfn.72 - gsmtp
[8/24/2023, 5:47:02 PM] error: uncaughtException: Unexpected token 'const'
D:\NodeJs-JitendraProject\helpers\authentication\getInTouchMail.js:56
        const InternalEmailOptions = {
        ^^^^^

SyntaxError: Unexpected token 'const'
    at internalCompileFunction (node:internal/vm:73:18)
    at wrapSafe (node:internal/modules/cjs/loader:1195:20)
    at Module._compile (node:internal/modules/cjs/loader:1239:27)
    at Module._extensions..js (node:internal/modules/cjs/loader:1329:10)
    at Module.load (node:internal/modules/cjs/loader:1133:32)
    at Module._load (node:internal/modules/cjs/loader:972:12)
    at Module.require (node:internal/modules/cjs/loader:1157:19)
    at require (node:internal/modules/helpers:119:18)
    at Object.<anonymous> (D:\NodeJs-JitendraProject\controller\getInTouchController.js:4:33)
    at Module._compile (node:internal/modules/cjs/loader:1275:14)
